{"meta": {"format": 3, "version": "7.13.5", "timestamp": "2026-04-20T18:29:57.377385", "branch_coverage": false, "show_contexts": false}, "files": {"jarvis/__init__.py": {"executed_lines": [3, 4], "summary": {"covered_lines": 2, "num_statements": 2, "percent_covered": 100.0, "percent_covered_display": "100", "missing_lines": 0, "excluded_lines": 0, "percent_statements_covered": 100.0, "percent_statements_covered_display": "100"}, "missing_lines": [], "excluded_lines": [], "functions": {"": {"executed_lines": [3, 4], "summary": {"covered_lines": 2, "num_statements": 2, "percent_covered": 100.0, "percent_covered_display": "100", "missing_lines": 0, "excluded_lines": 0, "percent_statements_covered": 100.0, "percent_statements_covered_display": "100"}, "missing_lines": [], "excluded_lines": [], "start_line": 1}}, "classes": {"": {"executed_lines": [3, 4], "summary": {"covered_lines": 2, "num_statements": 2, "percent_covered": 100.0, "percent_covered_display": "100", "missing_lines": 0, "excluded_lines": 0, "percent_statements_covered": 100.0, "percent_statements_covered_display": "100"}, "missing_lines": [], "excluded_lines": [], "start_line": 1}}}, "jarvis/acp/__init__.py": {"executed_lines": [3, 5, 6, 7, 8, 9, 12, 13, 14, 15, 16, 17, 18, 20, 21, 30, 33, 36, 37, 38, 39, 41, 42, 44, 45, 46, 48, 49, 50, 51, 52, 54, 55, 56, 58, 60, 61, 62, 66, 67, 68, 69, 70, 72, 73, 75, 76, 84], "summary": {"covered_lines": 48, "num_statements": 50, "percent_covered": 96.0, "percent_covered_display": "96", "missing_lines": 2, "excluded_lines": 0, "percent_statements_covered": 96.0, "percent_statements_covered_display": "96"}, "missing_lines": [63, 64], "excluded_lines": [], "functions": {"ACPMessage.to_dict": {"executed_lines": [21], "summary": {"covered_lines": 1, "num_statements": 1, "percent_covered": 100.0, "percent_covered_display": "100", "missing_lines": 0, "excluded_lines": 0, "percent_statements_covered": 100.0, "percent_statements_covered_display": "100"}, "missing_lines": [], "excluded_lines": [], "start_line": 20}, "MessageBus.__init__": {"executed_lines": [37, 38, 39], "summary": {"covered_lines": 3, "num_statements": 3, "percent_covered": 100.0, "percent_covered_display": "100", "missing_lines": 0, "excluded_lines": 0, "percent_statements_covered": 100.0, "percent_statements_covered_display": "100"}, "missing_lines": [], "excluded_lines": [], "start_line": 36}, "MessageBus.subscribe": {"executed_lines": [42], "summary": {"covered_lines": 1, "num_statements": 1, "percent_covered": 100.0, "percent_covered_display": "100", "missing_lines": 0, "excluded_lines": 0, "percent_statements_covered": 100.0, "percent_statements_covered_display": "100"}, "missing_lines": [], "excluded_lines": [], "start_line": 41}, "MessageBus.unsubscribe": {"executed_lines": [45, 46], "summary": {"covered_lines": 2, "num_statements": 2, "percent_covered": 100.0, "percent_covered_display": "100", "missing_lines": 0, "excluded_lines": 0, "percent_statements_covered": 100.0, "percent_statements_covered_display": "100"}, "missing_lines": [], "excluded_lines": [], "start_line": 44}, "MessageBus.publish": {"executed_lines": [49, 50, 51, 52, 54, 55, 56], "summary": {"covered_lines": 7, "num_statements": 7, "percent_covered": 100.0, "percent_covered_display": "100", "missing_lines": 0, "excluded_lines": 0, "percent_statements_covered": 100.0, "percent_statements_covered_display": "100"}, "missing_lines": [], "excluded_lines": [], "start_line": 48}, "MessageBus.publish_sync": {"executed_lines": [60, 61, 62], "summary": {"covered_lines": 3, "num_statements": 5, "percent_covered": 60.0, "percent_covered_display": "60", "missing_lines": 2, "excluded_lines": 0, "percent_statements_covered": 60.0, "percent_statements_covered_display": "60"}, "missing_lines": [63, 64], "excluded_lines": [], "start_line": 58}, "MessageBus.history": {"executed_lines": [67, 68, 69, 70], "summary": {"covered_lines": 4, "num_statements": 4, "percent_covered": 100.0, "percent_covered_display": "100", "missing_lines": 0, "excluded_lines": 0, "percent_statements_covered": 100.0, "percent_statements_covered_display": "100"}, "missing_lines": [], "excluded_lines": [], "start_line": 66}, "MessageBus.topics": {"executed_lines": [73], "summary": {"covered_lines": 1, "num_statements": 1, "percent_covered": 100.0, "percent_covered_display": "100", "missing_lines": 0, "excluded_lines": 0, "percent_statements_covered": 100.0, "percent_statements_covered_display": "100"}, "missing_lines": [], "excluded_lines": [], "start_line": 72}, "MessageBus.stats": {"executed_lines": [76], "summary": {"covered_lines": 1, "num_statements": 1, "percent_covered": 100.0, "percent_covered_display": "100", "missing_lines": 0, "excluded_lines": 0, "percent_statements_covered": 100.0, "percent_statements_covered_display": "100"}, "missing_lines": [], "excluded_lines": [], "start_line": 75}, "": {"executed_lines": [3, 5, 6, 7, 8, 9, 12, 13, 14, 15, 16, 17, 18, 20, 30, 33, 36, 41, 44, 48, 58, 66, 72, 75, 84], "summary": {"covered_lines": 25, "num_statements": 25, "percent_covered": 100.0, "percent_covered_display": "100", "missing_lines": 0, "excluded_lines": 0, "percent_statements_covered": 100.0, "percent_statements_covered_display": "100"}, "missing_lines": [], "excluded_lines": [], "start_line": 1}}, "classes": {"ACPMessage": {"executed_lines": [21], "summary": {"covered_lines": 1, "num_statements": 1, "percent_covered": 100.0, "percent_covered_display": "100", "missing_lines": 0, "excluded_lines": 0, "percent_statements_covered": 100.0, "percent_statements_covered_display": "100"}, "missing_lines": [], "excluded_lines": [], "start_line": 13}, "MessageBus": {"executed_lines": [37, 38, 39, 42, 45, 46, 49, 50, 51, 52, 54, 55, 56, 60, 61, 62, 67, 68, 69, 70, 73, 76], "summary": {"covered_lines": 22, "num_statements": 24, "percent_covered": 91.66666666666667, "percent_covered_display": "92", "missing_lines": 2, "excluded_lines": 0, "percent_statements_covered": 91.66666666666667, "percent_statements_covered_display": "92"}, "missing_lines": [63, 64], "excluded_lines": [], "start_line": 33}, "": {"executed_lines": [3, 5, 6, 7, 8, 9, 12, 13, 14, 15, 16, 17, 18, 20, 30, 33, 36, 41, 44, 48, 58, 66, 72, 75, 84], "summary": {"covered_lines": 25, "num_statements": 25, "percent_covered": 100.0, "percent_covered_display": "100", "missing_lines": 0, "excluded_lines": 0, "percent_statements_covered": 100.0, "percent_statements_covered_display": "100"}, "missing_lines": [], "excluded_lines": [], "start_line": 1}}}, "jarvis/agents/__init__.py": {"executed_lines": [1, 2, 4], "summary": {"covered_lines": 3, "num_statements": 3, "percent_covered": 100.0, "percent_covered_display": "100", "missing_lines": 0, "excluded_lines": 0, "percent_statements_covered": 100.0, "percent_statements_covered_display": "100"}, "missing_lines": [], "excluded_lines": [], "functions": {"": {"executed_lines": [1, 2, 4], "summary": {"covered_lines": 3, "num_statements": 3, "percent_covered": 100.0, "percent_covered_display": "100", "missing_lines": 0, "excluded_lines": 0, "percent_statements_covered": 100.0, "percent_statements_covered_display": "100"}, "missing_lines": [], "excluded_lines": [], "start_line": 1}}, "classes": {"": {"executed_lines": [1, 2, 4], "summary": {"covered_lines": 3, "num_statements": 3, "percent_covered": 100.0, "percent_covered_display": "100", "missing_lines": 0, "excluded_lines": 0, "percent_statements_covered": 100.0, "percent_statements_covered_display": "100"}, "missing_lines": [], "excluded_lines": [], "start_line": 1}}}, "jarvis/agents/rpc.py": {"executed_lines": [3, 5, 6, 7, 8, 11, 12, 13, 14, 15, 16, 17, 18, 21, 26, 27, 28, 29, 31, 32, 33, 34, 36, 38, 39, 40, 41, 43, 45, 46, 47, 49, 50, 51, 52, 54, 55, 56, 57, 59, 61, 88, 90, 91, 92, 93, 97], "summary": {"covered_lines": 47, "num_statements": 67, "percent_covered": 70.14925373134328, "percent_covered_display": "70", "missing_lines": 20, "excluded_lines": 0, "percent_statements_covered": 70.14925373134328, "percent_statements_covered_display": "70"}, "missing_lines": [63, 64, 65, 66, 67, 68, 69, 70, 71, 72, 74, 76, 77, 78, 79, 80, 81, 82, 84, 86], "excluded_lines": [], "functions": {"AgentRPC.__init__": {"executed_lines": [27, 28, 29], "summary": {"covered_lines": 3, "num_statements": 3, "percent_covered": 100.0, "percent_covered_display": "100", "missing_lines": 0, "excluded_lines": 0, "percent_statements_covered": 100.0, "percent_statements_covered_display": "100"}, "missing_lines": [], "excluded_lines": [], "start_line": 26}, "AgentRPC.register": {"executed_lines": [32, 33, 34], "summary": {"covered_lines": 3, "num_statements": 3, "percent_covered": 100.0, "percent_covered_display": "100", "missing_lines": 0, "excluded_lines": 0, "percent_statements_covered": 100.0, "percent_statements_covered_display": "100"}, "missing_lines": [], "excluded_lines": [], "start_line": 31}, "AgentRPC.on": {"executed_lines": [38, 41], "summary": {"covered_lines": 2, "num_statements": 2, "percent_covered": 100.0, "percent_covered_display": "100", "missing_lines": 0, "excluded_lines": 0, "percent_statements_covered": 100.0, "percent_statements_covered_display": "100"}, "missing_lines": [], "excluded_lines": [], "start_line": 36}, "AgentRPC.on.decorator": {"executed_lines": [39, 40], "summary": {"covered_lines": 2, "num_statements": 2, "percent_covered": 100.0, "percent_covered_display": "100", "missing_lines": 0, "excluded_lines": 0, "percent_statements_covered": 100.0, "percent_statements_covered_display": "100"}, "missing_lines": [], "excluded_lines": [], "start_line": 38}, "AgentRPC.call": {"executed_lines": [45, 46, 47, 49, 50, 51, 52, 54, 55, 56, 57, 59], "summary": {"covered_lines": 12, "num_statements": 12, "percent_covered": 100.0, "percent_covered_display": "100", "missing_lines": 0, "excluded_lines": 0, "percent_statements_covered": 100.0, "percent_statements_covered_display": "100"}, "missing_lines": [], "excluded_lines": [], "start_line": 43}, "AgentRPC.process_messages": {"executed_lines": [], "summary": {"covered_lines": 0, "num_statements": 20, "percent_covered": 0.0, "percent_covered_display": "0", "missing_lines": 20, "excluded_lines": 0, "percent_statements_covered": 0.0, "percent_statements_covered_display": "0"}, "missing_lines": [63, 64, 65, 66, 67, 68, 69, 70, 71, 72, 74, 76, 77, 78, 79, 80, 81, 82, 84, 86], "excluded_lines": [], "start_line": 61}, "AgentRPC.notify": {"executed_lines": [90, 91, 92, 93], "summary": {"covered_lines": 4, "num_statements": 4, "percent_covered": 100.0, "percent_covered_display": "100", "missing_lines": 0, "excluded_lines": 0, "percent_statements_covered": 100.0, "percent_statements_covered_display": "100"}, "missing_lines": [], "excluded_lines": [], "start_line": 88}, "": {"executed_lines": [3, 5, 6, 7, 8, 11, 12, 13, 14, 15, 16, 17, 18, 21, 26, 31, 36, 43, 61, 88, 97], "summary": {"covered_lines": 21, "num_statements": 21, "percent_covered": 100.0, "percent_covered_display": "100", "missing_lines": 0, "excluded_lines": 0, "percent_statements_covered": 100.0, "percent_statements_covered_display": "100"}, "missing_lines": [], "excluded_lines": [], "start_line": 1}}, "classes": {"RPCMessage": {"executed_lines": [], "summary": {"covered_lines": 0, "num_statements": 0, "percent_covered": 100.0, "percent_covered_display": "100", "missing_lines": 0, "excluded_lines": 0, "percent_statements_covered": 100.0, "percent_statements_covered_display": "100"}, "missing_lines": [], "excluded_lines": [], "start_line": 12}, "AgentRPC": {"executed_lines": [27, 28, 29, 32, 33, 34, 38, 39, 40, 41, 45, 46, 47, 49, 50, 51, 52, 54, 55, 56, 57, 59, 90, 91, 92, 93], "summary": {"covered_lines": 26, "num_statements": 46, "percent_covered": 56.52173913043478, "percent_covered_display": "57", "missing_lines": 20, "excluded_lines": 0, "percent_statements_covered": 56.52173913043478, "percent_statements_covered_display": "57"}, "missing_lines": [63, 64, 65, 66, 67, 68, 69, 70, 71, 72, 74, 76, 77, 78, 79, 80, 81, 82, 84, 86], "excluded_lines": [], "start_line": 21}, "": {"executed_lines": [3, 5, 6, 7, 8, 11, 12, 13, 14, 15, 16, 17, 18, 21, 26, 31, 36, 43, 61, 88, 97], "summary": {"covered_lines": 21, "num_statements": 21, "percent_covered": 100.0, "percent_covered_display": "100", "missing_lines": 0, "excluded_lines": 0, "percent_statements_covered": 100.0, "percent_statements_covered_display": "100"}, "missing_lines": [], "excluded_lines": [], "start_line": 1}}}, "jarvis/agents/subagent.py": {"executed_lines": [3, 5, 6, 7, 8, 14, 15, 16, 17, 18, 19, 20, 21, 22, 23, 26, 29, 30, 31, 32, 34, 36, 38, 41, 44, 46, 47, 55, 56, 57, 58, 59, 63, 64, 73, 76, 77, 78, 79, 80, 82, 84, 85, 86, 87, 88, 89, 90, 91, 92, 93, 94, 95, 97, 98, 100, 101, 102, 103], "summary": {"covered_lines": 59, "num_statements": 66, "percent_covered": 89.39393939393939, "percent_covered_display": "89", "missing_lines": 7, "excluded_lines": 2, "percent_statements_covered": 89.39393939393939, "percent_statements_covered_display": "89"}, "missing_lines": [42, 60, 61, 66, 67, 68, 70], "excluded_lines": [10, 11], "functions": {"SubAgent.__init__": {"executed_lines": [30, 31, 32], "summary": {"covered_lines": 3, "num_statements": 3, "percent_covered": 100.0, "percent_covered_display": "100", "missing_lines": 0, "excluded_lines": 0, "percent_statements_covered": 100.0, "percent_statements_covered_display": "100"}, "missing_lines": [], "excluded_lines": [], "start_line": 29}, "SubAgent.run": {"executed_lines": [36, 38, 41, 44, 46, 47, 55, 56, 57, 58, 59, 63, 64], "summary": {"covered_lines": 13, "num_statements": 20, "percent_covered": 65.0, "percent_covered_display": "65", "missing_lines": 7, "excluded_lines": 0, "percent_statements_covered": 65.0, "percent_statements_covered_display": "65"}, "missing_lines": [42, 60, 61, 66, 67, 68, 70], "excluded_lines": [], "start_line": 34}, "SubagentPool.__init__": {"executed_lines": [77, 78, 79, 80], "summary": {"covered_lines": 4, "num_statements": 4, "percent_covered": 100.0, "percent_covered_display": "100", "missing_lines": 0, "excluded_lines": 0, "percent_statements_covered": 100.0, "percent_statements_covered_display": "100"}, "missing_lines": [], "excluded_lines": [], "start_line": 76}, "SubagentPool.dispatch": {"executed_lines": [84, 97, 98], "summary": {"covered_lines": 3, "num_statements": 3, "percent_covered": 100.0, "percent_covered_display": "100", "missing_lines": 0, "excluded_lines": 0, "percent_statements_covered": 100.0, "percent_statements_covered_display": "100"}, "missing_lines": [], "excluded_lines": [], "start_line": 82}, "SubagentPool.dispatch._run_one": {"executed_lines": [85, 86, 87, 88, 89, 90, 91, 92, 93, 94, 95], "summary": {"covered_lines": 11, "num_statements": 11, "percent_covered": 100.0, "percent_covered_display": "100", "missing_lines": 0, "excluded_lines": 0, "percent_statements_covered": 100.0, "percent_statements_covered_display": "100"}, "missing_lines": [], "excluded_lines": [], "start_line": 84}, "SubagentPool.dispatch_one": {"executed_lines": [101, 102, 103], "summary": {"covered_lines": 3, "num_statements": 3, "percent_covered": 100.0, "percent_covered_display": "100", "missing_lines": 0, "excluded_lines": 0, "percent_statements_covered": 100.0, "percent_statements_covered_display": "100"}, "missing_lines": [], "excluded_lines": [], "start_line": 100}, "": {"executed_lines": [3, 5, 6, 7, 8, 14, 15, 16, 17, 18, 19, 20, 21, 22, 23, 26, 29, 34, 73, 76, 82, 100], "summary": {"covered_lines": 22, "num_statements": 22, "percent_covered": 100.0, "percent_covered_display": "100", "missing_lines": 0, "excluded_lines": 2, "percent_statements_covered": 100.0, "percent_statements_covered_display": "100"}, "missing_lines": [], "excluded_lines": [10, 11], "start_line": 1}}, "classes": {"SubagentTask": {"executed_lines": [], "summary": {"covered_lines": 0, "num_statements": 0, "percent_covered": 100.0, "percent_covered_display": "100", "missing_lines": 0, "excluded_lines": 0, "percent_statements_covered": 100.0, "percent_statements_covered_display": "100"}, "missing_lines": [], "excluded_lines": [], "start_line": 15}, "SubAgent": {"executed_lines": [30, 31, 32, 36, 38, 41, 44, 46, 47, 55, 56, 57, 58, 59, 63, 64], "summary": {"covered_lines": 16, "num_statements": 23, "percent_covered": 69.56521739130434, "percent_covered_display": "70", "missing_lines": 7, "excluded_lines": 0, "percent_statements_covered": 69.56521739130434, "percent_statements_covered_display": "70"}, "missing_lines": [42, 60, 61, 66, 67, 68, 70], "excluded_lines": [], "start_line": 26}, "SubagentPool": {"executed_lines": [77, 78, 79, 80, 84, 85, 86, 87, 88, 89, 90, 91, 92, 93, 94, 95, 97, 98, 101, 102, 103], "summary": {"covered_lines": 21, "num_statements": 21, "percent_covered": 100.0, "percent_covered_display": "100", "missing_lines": 0, "excluded_lines": 0, "percent_statements_covered": 100.0, "percent_statements_covered_display": "100"}, "missing_lines": [], "excluded_lines": [], "start_line": 73}, "": {"executed_lines": [3, 5, 6, 7, 8, 14, 15, 16, 17, 18, 19, 20, 21, 22, 23, 26, 29, 34, 73, 76, 82, 100], "summary": {"covered_lines": 22, "num_statements": 22, "percent_covered": 100.0, "percent_covered_display": "100", "missing_lines": 0, "excluded_lines": 2, "percent_statements_covered": 100.0, "percent_statements_covered_display": "100"}, "missing_lines": [], "excluded_lines": [10, 11], "start_line": 1}}}, "jarvis/bots/__init__.py": {"executed_lines": [3], "summary": {"covered_lines": 1, "num_statements": 1, "percent_covered": 100.0, "percent_covered_display": "100", "missing_lines": 0, "excluded_lines": 0, "percent_statements_covered": 100.0, "percent_statements_covered_display": "100"}, "missing_lines": [], "excluded_lines": [], "functions": {"": {"executed_lines": [3], "summary": {"covered_lines": 1, "num_statements": 1, "percent_covered": 100.0, "percent_covered_display": "100", "missing_lines": 0, "excluded_lines": 0, "percent_statements_covered": 100.0, "percent_statements_covered_display": "100"}, "missing_lines": [], "excluded_lines": [], "start_line": 1}}, "classes": {"": {"executed_lines": [3], "summary": {"covered_lines": 1, "num_statements": 1, "percent_covered": 100.0, "percent_covered_display": "100", "missing_lines": 0, "excluded_lines": 0, "percent_statements_covered": 100.0, "percent_statements_covered_display": "100"}, "missing_lines": [], "excluded_lines": [], "start_line": 1}}}, "jarvis/bots/discord_bot.py": {"executed_lines": [3, 5, 7, 13, 15, 16, 17, 19, 20, 22, 23, 24], "summary": {"covered_lines": 12, "num_statements": 51, "percent_covered": 23.529411764705884, "percent_covered_display": "24", "missing_lines": 39, "excluded_lines": 2, "percent_statements_covered": 23.529411764705884, "percent_statements_covered_display": "24"}, "missing_lines": [21, 26, 27, 28, 30, 31, 32, 34, 35, 36, 37, 38, 40, 41, 42, 44, 45, 46, 48, 49, 50, 52, 53, 54, 55, 56, 58, 59, 60, 61, 63, 64, 65, 66, 67, 68, 69, 71, 72], "excluded_lines": [9, 10], "functions": {"run_discord_bot": {"executed_lines": [15, 16, 17, 19, 20, 22, 23, 24], "summary": {"covered_lines": 8, "num_statements": 24, "percent_covered": 33.333333333333336, "percent_covered_display": "33", "missing_lines": 16, "excluded_lines": 0, "percent_statements_covered": 33.333333333333336, "percent_statements_covered_display": "33"}, "missing_lines": [21, 26, 27, 28, 30, 31, 34, 35, 48, 49, 52, 53, 58, 59, 71, 72], "excluded_lines": [], "start_line": 13}, "run_discord_bot.on_ready": {"executed_lines": [], "summary": {"covered_lines": 0, "num_statements": 1, "percent_covered": 0.0, "percent_covered_display": "0", "missing_lines": 1, "excluded_lines": 0, "percent_statements_covered": 0.0, "percent_statements_covered_display": "0"}, "missing_lines": [32], "excluded_lines": [], "start_line": 31}, "run_discord_bot.jarvis_cmd": {"executed_lines": [], "summary": {"covered_lines": 0, "num_statements": 9, "percent_covered": 0.0, "percent_covered_display": "0", "missing_lines": 9, "excluded_lines": 0, "percent_statements_covered": 0.0, "percent_statements_covered_display": "0"}, "missing_lines": [36, 37, 38, 40, 41, 42, 44, 45, 46], "excluded_lines": [], "start_line": 35}, "run_discord_bot.status_cmd": {"executed_lines": [], "summary": {"covered_lines": 0, "num_statements": 1, "percent_covered": 0.0, "percent_covered_display": "0", "missing_lines": 1, "excluded_lines": 0, "percent_statements_covered": 0.0, "percent_statements_covered_display": "0"}, "missing_lines": [50], "excluded_lines": [], "start_line": 49}, "run_discord_bot.memory_cmd": {"executed_lines": [], "summary": {"covered_lines": 0, "num_statements": 3, "percent_covered": 0.0, "percent_covered_display": "0", "missing_lines": 3, "excluded_lines": 0, "percent_statements_covered": 0.0, "percent_statements_covered_display": "0"}, "missing_lines": [54, 55, 56], "excluded_lines": [], "start_line": 53}, "run_discord_bot.on_message": {"executed_lines": [], "summary": {"covered_lines": 0, "num_statements": 9, "percent_covered": 0.0, "percent_covered_display": "0", "missing_lines": 9, "excluded_lines": 0, "percent_statements_covered": 0.0, "percent_statements_covered_display": "0"}, "missing_lines": [60, 61, 63, 64, 65, 66, 67, 68, 69], "excluded_lines": [], "start_line": 59}, "": {"executed_lines": [3, 5, 7, 13], "summary": {"covered_lines": 4, "num_statements": 4, "percent_covered": 100.0, "percent_covered_display": "100", "missing_lines": 0, "excluded_lines": 2, "percent_statements_covered": 100.0, "percent_statements_covered_display": "100"}, "missing_lines": [], "excluded_lines": [9, 10], "start_line": 1}}, "classes": {"": {"executed_lines": [3, 5, 7, 13, 15, 16, 17, 19, 20, 22, 23, 24], "summary": {"covered_lines": 12, "num_statements": 51, "percent_covered": 23.529411764705884, "percent_covered_display": "24", "missing_lines": 39, "excluded_lines": 2, "percent_statements_covered": 23.529411764705884, "percent_statements_covered_display": "24"}, "missing_lines": [21, 26, 27, 28, 30, 31, 32, 34, 35, 36, 37, 38, 40, 41, 42, 44, 45, 46, 48, 49, 50, 52, 53, 54, 55, 56, 58, 59, 60, 61, 63, 64, 65, 66, 67, 68, 69, 71, 72], "excluded_lines": [9, 10], "start_line": 1}}}, "jarvis/bots/irc_bot.py": {"executed_lines": [3, 4, 5, 6, 7, 13, 14, 15, 16], "summary": {"covered_lines": 9, "num_statements": 53, "percent_covered": 16.9811320754717, "percent_covered_display": "17", "missing_lines": 44, "excluded_lines": 2, "percent_statements_covered": 16.9811320754717, "percent_statements_covered_display": "17"}, "missing_lines": [18, 19, 21, 22, 23, 24, 26, 28, 29, 30, 31, 32, 33, 34, 35, 36, 38, 40, 41, 42, 43, 44, 45, 46, 47, 49, 50, 51, 54, 55, 56, 57, 58, 59, 62, 63, 64, 65, 66, 67, 69, 70, 71, 72], "excluded_lines": [9, 10], "functions": {"run_irc_bot": {"executed_lines": [14, 15, 16], "summary": {"covered_lines": 3, "num_statements": 35, "percent_covered": 8.571428571428571, "percent_covered_display": "9", "missing_lines": 32, "excluded_lines": 0, "percent_statements_covered": 8.571428571428571, "percent_statements_covered_display": "9"}, "missing_lines": [18, 19, 21, 26, 38, 40, 41, 42, 43, 44, 45, 46, 47, 49, 50, 51, 54, 55, 56, 57, 58, 59, 62, 63, 64, 65, 66, 67, 69, 70, 71, 72], "excluded_lines": [], "start_line": 13}, "run_irc_bot.send": {"executed_lines": [], "summary": {"covered_lines": 0, "num_statements": 3, "percent_covered": 0.0, "percent_covered_display": "0", "missing_lines": 3, "excluded_lines": 0, "percent_statements_covered": 0.0, "percent_statements_covered_display": "0"}, "missing_lines": [22, 23, 24], "excluded_lines": [], "start_line": 21}, "run_irc_bot.connect": {"executed_lines": [], "summary": {"covered_lines": 0, "num_statements": 9, "percent_covered": 0.0, "percent_covered_display": "0", "missing_lines": 9, "excluded_lines": 0, "percent_statements_covered": 0.0, "percent_statements_covered_display": "0"}, "missing_lines": [28, 29, 30, 31, 32, 33, 34, 35, 36], "excluded_lines": [], "start_line": 26}, "": {"executed_lines": [3, 4, 5, 6, 7, 13], "summary": {"covered_lines": 6, "num_statements": 6, "percent_covered": 100.0, "percent_covered_display": "100", "missing_lines": 0, "excluded_lines": 2, "percent_statements_covered": 100.0, "percent_statements_covered_display": "100"}, "missing_lines": [], "excluded_lines": [9, 10], "start_line": 1}}, "classes": {"": {"executed_lines": [3, 4, 5, 6, 7, 13, 14, 15, 16], "summary": {"covered_lines": 9, "num_statements": 53, "percent_covered": 16.9811320754717, "percent_covered_display": "17", "missing_lines": 44, "excluded_lines": 2, "percent_statements_covered": 16.9811320754717, "percent_statements_covered_display": "17"}, "missing_lines": [18, 19, 21, 22, 23, 24, 26, 28, 29, 30, 31, 32, 33, 34, 35, 36, 38, 40, 41, 42, 43, 44, 45, 46, 47, 49, 50, 51, 54, 55, 56, 57, 58, 59, 62, 63, 64, 65, 66, 67, 69, 70, 71, 72], "excluded_lines": [9, 10], "start_line": 1}}}, "jarvis/bots/matrix_bot.py": {"executed_lines": [3, 4, 5, 11, 12, 13, 14, 15, 16, 17, 18, 19], "summary": {"covered_lines": 12, "num_statements": 31, "percent_covered": 38.70967741935484, "percent_covered_display": "39", "missing_lines": 19, "excluded_lines": 2, "percent_statements_covered": 38.70967741935484, "percent_statements_covered_display": "39"}, "missing_lines": [21, 22, 24, 25, 26, 27, 28, 29, 31, 32, 33, 34, 35, 36, 41, 42, 44, 45, 46], "excluded_lines": [7, 8], "functions": {"run_matrix_bot": {"executed_lines": [12, 13, 14, 15, 16, 17, 18, 19], "summary": {"covered_lines": 8, "num_statements": 14, "percent_covered": 57.142857142857146, "percent_covered_display": "57", "missing_lines": 6, "excluded_lines": 0, "percent_statements_covered": 57.142857142857146, "percent_statements_covered_display": "57"}, "missing_lines": [21, 22, 24, 44, 45, 46], "excluded_lines": [], "start_line": 11}, "run_matrix_bot.message_callback": {"executed_lines": [], "summary": {"covered_lines": 0, "num_statements": 13, "percent_covered": 0.0, "percent_covered_display": "0", "missing_lines": 13, "excluded_lines": 0, "percent_statements_covered": 0.0, "percent_statements_covered_display": "0"}, "missing_lines": [25, 26, 27, 28, 29, 31, 32, 33, 34, 35, 36, 41, 42], "excluded_lines": [], "start_line": 24}, "": {"executed_lines": [3, 4, 5, 11], "summary": {"covered_lines": 4, "num_statements": 4, "percent_covered": 100.0, "percent_covered_display": "100", "missing_lines": 0, "excluded_lines": 2, "percent_statements_covered": 100.0, "percent_statements_covered_display": "100"}, "missing_lines": [], "excluded_lines": [7, 8], "start_line": 1}}, "classes": {"": {"executed_lines": [3, 4, 5, 11, 12, 13, 14, 15, 16, 17, 18, 19], "summary": {"covered_lines": 12, "num_statements": 31, "percent_covered": 38.70967741935484, "percent_covered_display": "39", "missing_lines": 19, "excluded_lines": 2, "percent_statements_covered": 38.70967741935484, "percent_statements_covered_display": "39"}, "missing_lines": [21, 22, 24, 25, 26, 27, 28, 29, 31, 32, 33, 34, 35, 36, 41, 42, 44, 45, 46], "excluded_lines": [7, 8], "start_line": 1}}}, "jarvis/bots/mattermost_bot.py": {"executed_lines": [3, 4, 5, 6, 7, 13, 14, 15, 16, 18, 20, 21, 23, 24, 25], "summary": {"covered_lines": 15, "num_statements": 47, "percent_covered": 31.914893617021278, "percent_covered_display": "32", "missing_lines": 32, "excluded_lines": 2, "percent_statements_covered": 31.914893617021278, "percent_statements_covered_display": "32"}, "missing_lines": [22, 27, 29, 30, 31, 36, 37, 38, 42, 43, 44, 45, 46, 47, 48, 49, 50, 51, 52, 53, 54, 55, 56, 57, 58, 59, 61, 62, 63, 64, 65, 66], "excluded_lines": [9, 10], "functions": {"run_mattermost_bot": {"executed_lines": [14, 15, 16, 18, 20, 21, 23, 24, 25], "summary": {"covered_lines": 9, "num_statements": 19, "percent_covered": 47.36842105263158, "percent_covered_display": "47", "missing_lines": 10, "excluded_lines": 0, "percent_statements_covered": 47.36842105263158, "percent_statements_covered_display": "47"}, "missing_lines": [22, 27, 29, 36, 61, 62, 63, 64, 65, 66], "excluded_lines": [], "start_line": 13}, "run_mattermost_bot.post_message": {"executed_lines": [], "summary": {"covered_lines": 0, "num_statements": 2, "percent_covered": 0.0, "percent_covered_display": "0", "missing_lines": 2, "excluded_lines": 0, "percent_statements_covered": 0.0, "percent_statements_covered_display": "0"}, "missing_lines": [30, 31], "excluded_lines": [], "start_line": 29}, "run_mattermost_bot.listen": {"executed_lines": [], "summary": {"covered_lines": 0, "num_statements": 20, "percent_covered": 0.0, "percent_covered_display": "0", "missing_lines": 20, "excluded_lines": 0, "percent_statements_covered": 0.0, "percent_statements_covered_display": "0"}, "missing_lines": [37, 38, 42, 43, 44, 45, 46, 47, 48, 49, 50, 51, 52, 53, 54, 55, 56, 57, 58, 59], "excluded_lines": [], "start_line": 36}, "": {"executed_lines": [3, 4, 5, 6, 7, 13], "summary": {"covered_lines": 6, "num_statements": 6, "percent_covered": 100.0, "percent_covered_display": "100", "missing_lines": 0, "excluded_lines": 2, "percent_statements_covered": 100.0, "percent_statements_covered_display": "100"}, "missing_lines": [], "excluded_lines": [9, 10], "start_line": 1}}, "classes": {"": {"executed_lines": [3, 4, 5, 6, 7, 13, 14, 15, 16, 18, 20, 21, 23, 24, 25], "summary": {"covered_lines": 15, "num_statements": 47, "percent_covered": 31.914893617021278, "percent_covered_display": "32", "missing_lines": 32, "excluded_lines": 2, "percent_statements_covered": 31.914893617021278, "percent_statements_covered_display": "32"}, "missing_lines": [22, 27, 29, 30, 31, 36, 37, 38, 42, 43, 44, 45, 46, 47, 48, 49, 50, 51, 52, 53, 54, 55, 56, 57, 58, 59, 61, 62, 63, 64, 65, 66], "excluded_lines": [9, 10], "start_line": 1}}}, "jarvis/bots/signal_bot.py": {"executed_lines": [6, 8, 9, 10, 12, 18, 19, 20, 21, 23, 24, 26, 34, 35, 36, 37, 60, 61, 62, 63, 64, 65, 66, 67, 68, 69, 70, 74, 75, 78, 79, 80], "summary": {"covered_lines": 32, "num_statements": 50, "percent_covered": 64.0, "percent_covered_display": "64", "missing_lines": 18, "excluded_lines": 2, "percent_statements_covered": 64.0, "percent_statements_covered_display": "64"}, "missing_lines": [27, 32, 39, 40, 42, 48, 49, 50, 51, 52, 53, 54, 55, 56, 57, 58, 71, 72], "excluded_lines": [14, 15], "functions": {"SignalBot.__init__": {"executed_lines": [20, 21], "summary": {"covered_lines": 2, "num_statements": 2, "percent_covered": 100.0, "percent_covered_display": "100", "missing_lines": 0, "excluded_lines": 0, "percent_statements_covered": 100.0, "percent_statements_covered_display": "100"}, "missing_lines": [], "excluded_lines": [], "start_line": 19}, "SignalBot._cli": {"executed_lines": [24], "summary": {"covered_lines": 1, "num_statements": 1, "percent_covered": 100.0, "percent_covered_display": "100", "missing_lines": 0, "excluded_lines": 0, "percent_statements_covered": 100.0, "percent_statements_covered_display": "100"}, "missing_lines": [], "excluded_lines": [], "start_line": 23}, "SignalBot.send": {"executed_lines": [], "summary": {"covered_lines": 0, "num_statements": 2, "percent_covered": 0.0, "percent_covered_display": "0", "missing_lines": 2, "excluded_lines": 0, "percent_statements_covered": 0.0, "percent_statements_covered_display": "0"}, "missing_lines": [27, 32], "excluded_lines": [], "start_line": 26}, "SignalBot.run": {"executed_lines": [35, 36, 37], "summary": {"covered_lines": 3, "num_statements": 17, "percent_covered": 17.647058823529413, "percent_covered_display": "18", "missing_lines": 14, "excluded_lines": 0, "percent_statements_covered": 17.647058823529413, "percent_statements_covered_display": "18"}, "missing_lines": [39, 40, 42, 48, 49, 50, 51, 52, 53, 54, 55, 56, 57, 58], "excluded_lines": [], "start_line": 34}, "SignalBot._handle_event": {"executed_lines": [61, 62, 63, 64, 65, 66, 67, 68, 69, 70], "summary": {"covered_lines": 10, "num_statements": 12, "percent_covered": 83.33333333333333, "percent_covered_display": "83", "missing_lines": 2, "excluded_lines": 0, "percent_statements_covered": 83.33333333333333, "percent_statements_covered_display": "83"}, "missing_lines": [71, 72], "excluded_lines": [], "start_line": 60}, "SignalBot.stop": {"executed_lines": [75], "summary": {"covered_lines": 1, "num_statements": 1, "percent_covered": 100.0, "percent_covered_display": "100", "missing_lines": 0, "excluded_lines": 0, "percent_statements_covered": 100.0, "percent_statements_covered_display": "100"}, "missing_lines": [], "excluded_lines": [], "start_line": 74}, "run_signal_bot": {"executed_lines": [79, 80], "summary": {"covered_lines": 2, "num_statements": 2, "percent_covered": 100.0, "percent_covered_display": "100", "missing_lines": 0, "excluded_lines": 0, "percent_statements_covered": 100.0, "percent_statements_covered_display": "100"}, "missing_lines": [], "excluded_lines": [], "start_line": 78}, "": {"executed_lines": [6, 8, 9, 10, 12, 18, 19, 23, 26, 34, 60, 74, 78], "summary": {"covered_lines": 13, "num_statements": 13, "percent_covered": 100.0, "percent_covered_display": "100", "missing_lines": 0, "excluded_lines": 2, "percent_statements_covered": 100.0, "percent_statements_covered_display": "100"}, "missing_lines": [], "excluded_lines": [14, 15], "start_line": 1}}, "classes": {"SignalBot": {"executed_lines": [20, 21, 24, 35, 36, 37, 61, 62, 63, 64, 65, 66, 67, 68, 69, 70, 75], "summary": {"covered_lines": 17, "num_statements": 35, "percent_covered": 48.57142857142857, "percent_covered_display": "49", "missing_lines": 18, "excluded_lines": 0, "percent_statements_covered": 48.57142857142857, "percent_statements_covered_display": "49"}, "missing_lines": [27, 32, 39, 40, 42, 48, 49, 50, 51, 52, 53, 54, 55, 56, 57, 58, 71, 72], "excluded_lines": [], "start_line": 18}, "": {"executed_lines": [6, 8, 9, 10, 12, 18, 19, 23, 26, 34, 60, 74, 78, 79, 80], "summary": {"covered_lines": 15, "num_statements": 15, "percent_covered": 100.0, "percent_covered_display": "100", "missing_lines": 0, "excluded_lines": 2, "percent_statements_covered": 100.0, "percent_statements_covered_display": "100"}, "missing_lines": [], "excluded_lines": [14, 15], "start_line": 1}}}, "jarvis/bots/slack_bot.py": {"executed_lines": [3, 5, 7, 13, 14, 15, 16, 17, 18, 20, 21, 22], "summary": {"covered_lines": 12, "num_statements": 48, "percent_covered": 25.0, "percent_covered_display": "25", "missing_lines": 36, "excluded_lines": 2, "percent_statements_covered": 25.0, "percent_statements_covered_display": "25"}, "missing_lines": [19, 24, 26, 27, 28, 30, 31, 32, 33, 34, 35, 36, 37, 38, 39, 40, 42, 43, 44, 45, 46, 47, 48, 49, 51, 52, 53, 54, 55, 56, 57, 58, 59, 61, 62, 63], "excluded_lines": [9, 10], "functions": {"run_slack_bot": {"executed_lines": [14, 15, 16, 17, 18, 20, 21, 22], "summary": {"covered_lines": 8, "num_statements": 19, "percent_covered": 42.10526315789474, "percent_covered_display": "42", "missing_lines": 11, "excluded_lines": 0, "percent_statements_covered": 42.10526315789474, "percent_statements_covered_display": "42"}, "missing_lines": [19, 24, 26, 27, 42, 43, 51, 52, 61, 62, 63], "excluded_lines": [], "start_line": 13}, "run_slack_bot.handle_mention": {"executed_lines": [], "summary": {"covered_lines": 0, "num_statements": 12, "percent_covered": 0.0, "percent_covered_display": "0", "missing_lines": 12, "excluded_lines": 0, "percent_statements_covered": 0.0, "percent_statements_covered_display": "0"}, "missing_lines": [28, 30, 31, 32, 33, 34, 35, 36, 37, 38, 39, 40], "excluded_lines": [], "start_line": 27}, "run_slack_bot.handle_message": {"executed_lines": [], "summary": {"covered_lines": 0, "num_statements": 6, "percent_covered": 0.0, "percent_covered_display": "0", "missing_lines": 6, "excluded_lines": 0, "percent_statements_covered": 0.0, "percent_statements_covered_display": "0"}, "missing_lines": [44, 45, 46, 47, 48, 49], "excluded_lines": [], "start_line": 43}, "run_slack_bot.slash_jarvis": {"executed_lines": [], "summary": {"covered_lines": 0, "num_statements": 7, "percent_covered": 0.0, "percent_covered_display": "0", "missing_lines": 7, "excluded_lines": 0, "percent_statements_covered": 0.0, "percent_statements_covered_display": "0"}, "missing_lines": [53, 54, 55, 56, 57, 58, 59], "excluded_lines": [], "start_line": 52}, "": {"executed_lines": [3, 5, 7, 13], "summary": {"covered_lines": 4, "num_statements": 4, "percent_covered": 100.0, "percent_covered_display": "100", "missing_lines": 0, "excluded_lines": 2, "percent_statements_covered": 100.0, "percent_statements_covered_display": "100"}, "missing_lines": [], "excluded_lines": [9, 10], "start_line": 1}}, "classes": {"": {"executed_lines": [3, 5, 7, 13, 14, 15, 16, 17, 18, 20, 21, 22], "summary": {"covered_lines": 12, "num_statements": 48, "percent_covered": 25.0, "percent_covered_display": "25", "missing_lines": 36, "excluded_lines": 2, "percent_statements_covered": 25.0, "percent_statements_covered_display": "25"}, "missing_lines": [19, 24, 26, 27, 28, 30, 31, 32, 33, 34, 35, 36, 37, 38, 39, 40, 42, 43, 44, 45, 46, 47, 48, 49, 51, 52, 53, 54, 55, 56, 57, 58, 59, 61, 62, 63], "excluded_lines": [9, 10], "start_line": 1}}}, "jarvis/bots/telegram_bot.py": {"executed_lines": [3, 5, 7, 13, 15, 16, 17, 19, 20, 22, 23, 24], "summary": {"covered_lines": 12, "num_statements": 47, "percent_covered": 25.53191489361702, "percent_covered_display": "26", "missing_lines": 35, "excluded_lines": 2, "percent_statements_covered": 25.53191489361702, "percent_statements_covered_display": "26"}, "missing_lines": [21, 27, 29, 30, 31, 36, 37, 39, 40, 41, 42, 44, 45, 46, 47, 48, 49, 50, 51, 53, 54, 55, 57, 58, 59, 61, 62, 63, 64, 65, 67, 68, 69, 70, 71], "excluded_lines": [9, 10], "functions": {"run_telegram_bot": {"executed_lines": [15, 16, 17, 19, 20, 22, 23, 24], "summary": {"covered_lines": 8, "num_statements": 24, "percent_covered": 33.333333333333336, "percent_covered_display": "33", "missing_lines": 16, "excluded_lines": 0, "percent_statements_covered": 33.333333333333336, "percent_statements_covered_display": "33"}, "missing_lines": [21, 27, 29, 36, 39, 44, 61, 62, 63, 64, 65, 67, 68, 69, 70, 71], "excluded_lines": [], "start_line": 13}, "run_telegram_bot.start": {"executed_lines": [], "summary": {"covered_lines": 0, "num_statements": 2, "percent_covered": 0.0, "percent_covered_display": "0", "missing_lines": 2, "excluded_lines": 0, "percent_statements_covered": 0.0, "percent_statements_covered_display": "0"}, "missing_lines": [30, 31], "excluded_lines": [], "start_line": 29}, "run_telegram_bot.status_cmd": {"executed_lines": [], "summary": {"covered_lines": 0, "num_statements": 1, "percent_covered": 0.0, "percent_covered_display": "0", "missing_lines": 1, "excluded_lines": 0, "percent_statements_covered": 0.0, "percent_statements_covered_display": "0"}, "missing_lines": [37], "excluded_lines": [], "start_line": 36}, "run_telegram_bot.memory_cmd": {"executed_lines": [], "summary": {"covered_lines": 0, "num_statements": 3, "percent_covered": 0.0, "percent_covered_display": "0", "missing_lines": 3, "excluded_lines": 0, "percent_statements_covered": 0.0, "percent_statements_covered_display": "0"}, "missing_lines": [40, 41, 42], "excluded_lines": [], "start_line": 39}, "run_telegram_bot.handle_message": {"executed_lines": [], "summary": {"covered_lines": 0, "num_statements": 13, "percent_covered": 0.0, "percent_covered_display": "0", "missing_lines": 13, "excluded_lines": 0, "percent_statements_covered": 0.0, "percent_statements_covered_display": "0"}, "missing_lines": [45, 46, 47, 48, 49, 50, 51, 53, 54, 55, 57, 58, 59], "excluded_lines": [], "start_line": 44}, "": {"executed_lines": [3, 5, 7, 13], "summary": {"covered_lines": 4, "num_statements": 4, "percent_covered": 100.0, "percent_covered_display": "100", "missing_lines": 0, "excluded_lines": 2, "percent_statements_covered": 100.0, "percent_statements_covered_display": "100"}, "missing_lines": [], "excluded_lines": [9, 10], "start_line": 1}}, "classes": {"": {"executed_lines": [3, 5, 7, 13, 15, 16, 17, 19, 20, 22, 23, 24], "summary": {"covered_lines": 12, "num_statements": 47, "percent_covered": 25.53191489361702, "percent_covered_display": "26", "missing_lines": 35, "excluded_lines": 2, "percent_statements_covered": 25.53191489361702, "percent_statements_covered_display": "26"}, "missing_lines": [21, 27, 29, 30, 31, 36, 37, 39, 40, 41, 42, 44, 45, 46, 47, 48, 49, 50, 51, 53, 54, 55, 57, 58, 59, 61, 62, 63, 64, 65, 67, 68, 69, 70, 71], "excluded_lines": [9, 10], "start_line": 1}}}, "jarvis/bots/whatsapp_bot.py": {"executed_lines": [5, 7, 9, 10, 12, 19, 22, 23, 25, 26, 27, 28, 29, 30, 31, 32, 34, 35, 36, 37, 38, 39, 41, 42, 44, 45, 46, 47, 49, 50, 52, 53, 54, 55, 56, 57, 58, 59, 60, 61, 62, 63, 65, 66, 67, 73, 74, 75, 82, 83, 86, 87, 88, 89, 93, 99, 105, 106], "summary": {"covered_lines": 58, "num_statements": 64, "percent_covered": 90.625, "percent_covered_display": "91", "missing_lines": 6, "excluded_lines": 3, "percent_statements_covered": 90.625, "percent_statements_covered_display": "91"}, "missing_lines": [64, 68, 69, 70, 76, 77], "excluded_lines": [14, 15, 16], "functions": {"mount_whatsapp_webhook": {"executed_lines": [22, 23, 41, 42, 49, 50], "summary": {"covered_lines": 6, "num_statements": 6, "percent_covered": 100.0, "percent_covered_display": "100", "missing_lines": 0, "excluded_lines": 0, "percent_statements_covered": 100.0, "percent_statements_covered_display": "100"}, "missing_lines": [], "excluded_lines": [], "start_line": 19}, "mount_whatsapp_webhook.whatsapp_incoming": {"executed_lines": [25, 26, 27, 28, 29, 30, 31, 32, 34, 35, 36, 37, 38, 39], "summary": {"covered_lines": 14, "num_statements": 14, "percent_covered": 100.0, "percent_covered_display": "100", "missing_lines": 0, "excluded_lines": 0, "percent_statements_covered": 100.0, "percent_statements_covered_display": "100"}, "missing_lines": [], "excluded_lines": [], "start_line": 23}, "mount_whatsapp_webhook.whatsapp_verify": {"executed_lines": [44, 45, 46, 47], "summary": {"covered_lines": 4, "num_statements": 4, "percent_covered": 100.0, "percent_covered_display": "100", "missing_lines": 0, "excluded_lines": 0, "percent_statements_covered": 100.0, "percent_statements_covered_display": "100"}, "missing_lines": [], "excluded_lines": [], "start_line": 42}, "mount_whatsapp_webhook.whatsapp_meta": {"executed_lines": [52, 53, 54, 55, 56, 57, 58, 59, 60, 61, 62, 63, 65, 66, 67], "summary": {"covered_lines": 15, "num_statements": 19, "percent_covered": 78.94736842105263, "percent_covered_display": "79", "missing_lines": 4, "excluded_lines": 0, "percent_statements_covered": 78.94736842105263, "percent_statements_covered_display": "79"}, "missing_lines": [64, 68, 69, 70], "excluded_lines": [], "start_line": 50}, "_send_twilio_whatsapp": {"executed_lines": [74, 75, 82, 83], "summary": {"covered_lines": 4, "num_statements": 6, "percent_covered": 66.66666666666667, "percent_covered_display": "67", "missing_lines": 2, "excluded_lines": 0, "percent_statements_covered": 66.66666666666667, "percent_statements_covered_display": "67"}, "missing_lines": [76, 77], "excluded_lines": [], "start_line": 73}, "_send_meta_whatsapp": {"executed_lines": [87, 88, 89, 93, 99, 105, 106], "summary": {"covered_lines": 7, "num_statements": 7, "percent_covered": 100.0, "percent_covered_display": "100", "missing_lines": 0, "excluded_lines": 0, "percent_statements_covered": 100.0, "percent_statements_covered_display": "100"}, "missing_lines": [], "excluded_lines": [], "start_line": 86}, "": {"executed_lines": [5, 7, 9, 10, 12, 19, 73, 86], "summary": {"covered_lines": 8, "num_statements": 8, "percent_covered": 100.0, "percent_covered_display": "100", "missing_lines": 0, "excluded_lines": 3, "percent_statements_covered": 100.0, "percent_statements_covered_display": "100"}, "missing_lines": [], "excluded_lines": [14, 15, 16], "start_line": 1}}, "classes": {"": {"executed_lines": [5, 7, 9, 10, 12, 19, 22, 23, 25, 26, 27, 28, 29, 30, 31, 32, 34, 35, 36, 37, 38, 39, 41, 42, 44, 45, 46, 47, 49, 50, 52, 53, 54, 55, 56, 57, 58, 59, 60, 61, 62, 63, 65, 66, 67, 73, 74, 75, 82, 83, 86, 87, 88, 89, 93, 99, 105, 106], "summary": {"covered_lines": 58, "num_statements": 64, "percent_covered": 90.625, "percent_covered_display": "91", "missing_lines": 6, "excluded_lines": 3, "percent_statements_covered": 90.625, "percent_statements_covered_display": "91"}, "missing_lines": [64, 68, 69, 70, 76, 77], "excluded_lines": [14, 15, 16], "start_line": 1}}}, "jarvis/config.py": {"executed_lines": [3, 4, 5, 7, 10, 12, 13, 14, 17, 18, 19, 20, 21, 22, 23, 24, 27, 28, 29, 30, 31, 32, 33, 34, 35, 38, 39, 40, 41, 42, 45, 46, 47, 48, 51, 52, 53, 54, 55, 58, 61, 62, 63, 64, 65, 66, 67, 70, 71, 72, 73, 75, 76, 77, 79, 80, 81, 83, 84, 86, 87, 88, 89, 91, 92, 93, 95, 96, 97, 98, 101, 102, 103, 104, 107, 108, 109, 112, 113, 114, 115, 116, 117, 120, 122, 123, 124, 125, 126, 129, 130], "summary": {"covered_lines": 91, "num_statements": 91, "percent_covered": 100.0, "percent_covered_display": "100", "missing_lines": 0, "excluded_lines": 0, "percent_statements_covered": 100.0, "percent_statements_covered_display": "100"}, "missing_lines": [], "excluded_lines": [], "functions": {"Config.ensure_dirs": {"executed_lines": [124, 125, 126], "summary": {"covered_lines": 3, "num_statements": 3, "percent_covered": 100.0, "percent_covered_display": "100", "missing_lines": 0, "excluded_lines": 0, "percent_statements_covered": 100.0, "percent_statements_covered_display": "100"}, "missing_lines": [], "excluded_lines": [], "start_line": 123}, "": {"executed_lines": [3, 4, 5, 7, 10, 12, 13, 14, 17, 18, 19, 20, 21, 22, 23, 24, 27, 28, 29, 30, 31, 32, 33, 34, 35, 38, 39, 40, 41, 42, 45, 46, 47, 48, 51, 52, 53, 54, 55, 58, 61, 62, 63, 64, 65, 66, 67, 70, 71, 72, 73, 75, 76, 77, 79, 80, 81, 83, 84, 86, 87, 88, 89, 91, 92, 93, 95, 96, 97, 98, 101, 102, 103, 104, 107, 108, 109, 112, 113, 114, 115, 116, 117, 120, 122, 123, 129, 130], "summary": {"covered_lines": 88, "num_statements": 88, "percent_covered": 100.0, "percent_covered_display": "100", "missing_lines": 0, "excluded_lines": 0, "percent_statements_covered": 100.0, "percent_statements_covered_display": "100"}, "missing_lines": [], "excluded_lines": [], "start_line": 1}}, "classes": {"Config": {"executed_lines": [124, 125, 126], "summary": {"covered_lines": 3, "num_statements": 3, "percent_covered": 100.0, "percent_covered_display": "100", "missing_lines": 0, "excluded_lines": 0, "percent_statements_covered": 100.0, "percent_statements_covered_display": "100"}, "missing_lines": [], "excluded_lines": [], "start_line": 10}, "": {"executed_lines": [3, 4, 5, 7, 10, 12, 13, 14, 17, 18, 19, 20, 21, 22, 23, 24, 27, 28, 29, 30, 31, 32, 33, 34, 35, 38, 39, 40, 41, 42, 45, 46, 47, 48, 51, 52, 53, 54, 55, 58, 61, 62, 63, 64, 65, 66, 67, 70, 71, 72, 73, 75, 76, 77, 79, 80, 81, 83, 84, 86, 87, 88, 89, 91, 92, 93, 95, 96, 97, 98, 101, 102, 103, 104, 107, 108, 109, 112, 113, 114, 115, 116, 117, 120, 122, 123, 129, 130], "summary": {"covered_lines": 88, "num_statements": 88, "percent_covered": 100.0, "percent_covered_display": "100", "missing_lines": 0, "excluded_lines": 0, "percent_statements_covered": 100.0, "percent_statements_covered_display": "100"}, "missing_lines": [], "excluded_lines": [], "start_line": 1}}}, "jarvis/core.py": {"executed_lines": [3, 5, 6, 7, 8, 9, 11, 13, 14, 15, 16, 17, 22, 23, 24, 25, 26, 27, 28, 29, 32, 35, 36, 40, 41, 42, 43, 44, 45, 46, 47, 48, 49, 50, 51, 52, 53, 56, 59, 60, 61, 66, 67, 69, 72, 79, 80, 81, 82, 84, 87, 88, 89, 90, 91, 92, 93, 95, 96, 102, 103, 104, 105, 106, 109, 111, 112, 113, 114, 117, 119, 121, 122, 123, 125, 126, 127, 128, 130, 131, 132, 134, 135, 137, 138, 139, 141, 142, 143, 144, 146, 147, 148, 149, 150, 157, 158, 159, 160, 163, 164, 165, 166, 167, 169, 176, 177, 178, 179, 181, 182, 190, 191, 193, 194, 196, 197, 199, 213, 216, 217, 219, 221, 223, 224, 225, 227, 228, 229, 230, 232, 239, 240, 241, 242, 243, 244, 245, 262, 263, 275, 277, 278, 280, 281, 282, 284, 285, 290, 292, 293, 295, 297, 299, 300, 301, 302, 304, 305, 306, 307, 308, 310, 312, 313, 314, 316, 317, 318, 319, 325, 326, 327], "summary": {"covered_lines": 173, "num_statements": 212, "percent_covered": 81.60377358490567, "percent_covered_display": "82", "missing_lines": 39, "excluded_lines": 0, "percent_statements_covered": 81.60377358490567, "percent_statements_covered_display": "82"}, "missing_lines": [37, 62, 63, 68, 73, 85, 107, 115, 151, 195, 200, 202, 203, 204, 205, 206, 210, 211, 246, 247, 248, 249, 250, 251, 252, 253, 254, 255, 256, 257, 258, 259, 260, 266, 267, 268, 269, 283, 315], "excluded_lines": [], "functions": {"Jarvis.__init__": {"executed_lines": [36, 40, 41, 42, 43, 44, 45, 46, 47, 48, 49, 50, 51, 52, 53, 56, 59, 60, 61, 66, 67, 69, 72], "summary": {"covered_lines": 23, "num_statements": 28, "percent_covered": 82.14285714285714, "percent_covered_display": "82", "missing_lines": 5, "excluded_lines": 0, "percent_statements_covered": 82.14285714285714, "percent_statements_covered_display": "82"}, "missing_lines": [37, 62, 63, 68, 73], "excluded_lines": [], "start_line": 35}, "Jarvis.set_profile": {"executed_lines": [80, 81, 82], "summary": {"covered_lines": 3, "num_statements": 3, "percent_covered": 100.0, "percent_covered_display": "100", "missing_lines": 0, "excluded_lines": 0, "percent_statements_covered": 100.0, "percent_statements_covered_display": "100"}, "missing_lines": [], "excluded_lines": [], "start_line": 79}, "Jarvis._get_model": {"executed_lines": [], "summary": {"covered_lines": 0, "num_statements": 1, "percent_covered": 0.0, "percent_covered_display": "0", "missing_lines": 1, "excluded_lines": 0, "percent_statements_covered": 0.0, "percent_statements_covered_display": "0"}, "missing_lines": [85], "excluded_lines": [], "start_line": 84}, "Jarvis.activate_skill": {"executed_lines": [88, 89, 90, 91, 92, 93], "summary": {"covered_lines": 6, "num_statements": 6, "percent_covered": 100.0, "percent_covered_display": "100", "missing_lines": 0, "excluded_lines": 0, "percent_statements_covered": 100.0, "percent_statements_covered_display": "100"}, "missing_lines": [], "excluded_lines": [], "start_line": 87}, "Jarvis.deactivate_skill": {"executed_lines": [96], "summary": {"covered_lines": 1, "num_statements": 1, "percent_covered": 100.0, "percent_covered_display": "100", "missing_lines": 0, "excluded_lines": 0, "percent_statements_covered": 100.0, "percent_statements_covered_display": "100"}, "missing_lines": [], "excluded_lines": [], "start_line": 95}, "Jarvis.chat": {"executed_lines": [103, 104, 105, 106, 109, 111, 112, 113, 114, 117], "summary": {"covered_lines": 10, "num_statements": 12, "percent_covered": 83.33333333333333, "percent_covered_display": "83", "missing_lines": 2, "excluded_lines": 0, "percent_statements_covered": 83.33333333333333, "percent_statements_covered_display": "83"}, "missing_lines": [107, 115], "excluded_lines": [], "start_line": 102}, "Jarvis.stream_chat": {"executed_lines": [121, 122, 123, 125, 126, 127, 128, 130, 131, 132], "summary": {"covered_lines": 10, "num_statements": 10, "percent_covered": 100.0, "percent_covered_display": "100", "missing_lines": 0, "excluded_lines": 0, "percent_statements_covered": 100.0, "percent_statements_covered_display": "100"}, "missing_lines": [], "excluded_lines": [], "start_line": 119}, "Jarvis.voice_chat": {"executed_lines": [135], "summary": {"covered_lines": 1, "num_statements": 1, "percent_covered": 100.0, "percent_covered_display": "100", "missing_lines": 0, "excluded_lines": 0, "percent_statements_covered": 100.0, "percent_statements_covered_display": "100"}, "missing_lines": [], "excluded_lines": [], "start_line": 134}, "Jarvis.end_session": {"executed_lines": [138, 139, 141, 142, 143, 144], "summary": {"covered_lines": 6, "num_statements": 6, "percent_covered": 100.0, "percent_covered_display": "100", "missing_lines": 0, "excluded_lines": 0, "percent_statements_covered": 100.0, "percent_statements_covered_display": "100"}, "missing_lines": [], "excluded_lines": [], "start_line": 137}, "Jarvis.new_session": {"executed_lines": [147, 148, 149, 150], "summary": {"covered_lines": 4, "num_statements": 5, "percent_covered": 80.0, "percent_covered_display": "80", "missing_lines": 1, "excluded_lines": 0, "percent_statements_covered": 80.0, "percent_statements_covered_display": "80"}, "missing_lines": [151], "excluded_lines": [], "start_line": 146}, "Jarvis._build_system": {"executed_lines": [158, 159, 160, 163, 164, 165, 166, 167, 169], "summary": {"covered_lines": 9, "num_statements": 9, "percent_covered": 100.0, "percent_covered_display": "100", "missing_lines": 0, "excluded_lines": 0, "percent_statements_covered": 100.0, "percent_statements_covered_display": "100"}, "missing_lines": [], "excluded_lines": [], "start_line": 157}, "Jarvis._run_agent_loop": {"executed_lines": [177, 178, 179, 181, 182, 190, 191, 193, 194, 196, 197, 199, 213, 216, 217, 219], "summary": {"covered_lines": 16, "num_statements": 25, "percent_covered": 64.0, "percent_covered_display": "64", "missing_lines": 9, "excluded_lines": 0, "percent_statements_covered": 64.0, "percent_statements_covered_display": "64"}, "missing_lines": [195, 200, 202, 203, 204, 205, 206, 210, 211], "excluded_lines": [], "start_line": 176}, "Jarvis._stream_agent_loop": {"executed_lines": [223, 224, 225, 227, 228, 229, 230, 232, 239, 240, 241, 242, 243, 244, 245, 262, 263], "summary": {"covered_lines": 17, "num_statements": 36, "percent_covered": 47.22222222222222, "percent_covered_display": "47", "missing_lines": 19, "excluded_lines": 0, "percent_statements_covered": 47.22222222222222, "percent_statements_covered_display": "47"}, "missing_lines": [246, 247, 248, 249, 250, 251, 252, 253, 254, 255, 256, 257, 258, 259, 260, 266, 267, 268, 269], "excluded_lines": [], "start_line": 221}, "Jarvis._execute_tools_parallel": {"executed_lines": [277, 278, 280, 281, 282, 284, 285, 290], "summary": {"covered_lines": 8, "num_statements": 9, "percent_covered": 88.88888888888889, "percent_covered_display": "89", "missing_lines": 1, "excluded_lines": 0, "percent_statements_covered": 88.88888888888889, "percent_statements_covered_display": "89"}, "missing_lines": [283], "excluded_lines": [], "start_line": 275}, "Jarvis._execute_tool": {"executed_lines": [293, 295, 297, 299, 300, 301, 302, 304, 305, 306, 307, 308, 310, 312, 313, 314, 316, 317, 318, 319], "summary": {"covered_lines": 20, "num_statements": 21, "percent_covered": 95.23809523809524, "percent_covered_display": "95", "missing_lines": 1, "excluded_lines": 0, "percent_statements_covered": 95.23809523809524, "percent_statements_covered_display": "95"}, "missing_lines": [315], "excluded_lines": [], "start_line": 292}, "Jarvis.status": {"executed_lines": [326, 327], "summary": {"covered_lines": 2, "num_statements": 2, "percent_covered": 100.0, "percent_covered_display": "100", "missing_lines": 0, "excluded_lines": 0, "percent_statements_covered": 100.0, "percent_statements_covered_display": "100"}, "missing_lines": [], "excluded_lines": [], "start_line": 325}, "": {"executed_lines": [3, 5, 6, 7, 8, 9, 11, 13, 14, 15, 16, 17, 22, 23, 24, 25, 26, 27, 28, 29, 32, 35, 79, 84, 87, 95, 102, 119, 134, 137, 146, 157, 176, 221, 275, 292, 325], "summary": {"covered_lines": 37, "num_statements": 37, "percent_covered": 100.0, "percent_covered_display": "100", "missing_lines": 0, "excluded_lines": 0, "percent_statements_covered": 100.0, "percent_statements_covered_display": "100"}, "missing_lines": [], "excluded_lines": [], "start_line": 1}}, "classes": {"Jarvis": {"executed_lines": [36, 40, 41, 42, 43, 44, 45, 46, 47, 48, 49, 50, 51, 52, 53, 56, 59, 60, 61, 66, 67, 69, 72, 80, 81, 82, 88, 89, 90, 91, 92, 93, 96, 103, 104, 105, 106, 109, 111, 112, 113, 114, 117, 121, 122, 123, 125, 126, 127, 128, 130, 131, 132, 135, 138, 139, 141, 142, 143, 144, 147, 148, 149, 150, 158, 159, 160, 163, 164, 165, 166, 167, 169, 177, 178, 179, 181, 182, 190, 191, 193, 194, 196, 197, 199, 213, 216, 217, 219, 223, 224, 225, 227, 228, 229, 230, 232, 239, 240, 241, 242, 243, 244, 245, 262, 263, 277, 278, 280, 281, 282, 284, 285, 290, 293, 295, 297, 299, 300, 301, 302, 304, 305, 306, 307, 308, 310, 312, 313, 314, 316, 317, 318, 319, 326, 327], "summary": {"covered_lines": 136, "num_statements": 175, "percent_covered": 77.71428571428571, "percent_covered_display": "78", "missing_lines": 39, "excluded_lines": 0, "percent_statements_covered": 77.71428571428571, "percent_statements_covered_display": "78"}, "missing_lines": [37, 62, 63, 68, 73, 85, 107, 115, 151, 195, 200, 202, 203, 204, 205, 206, 210, 211, 246, 247, 248, 249, 250, 251, 252, 253, 254, 255, 256, 257, 258, 259, 260, 266, 267, 268, 269, 283, 315], "excluded_lines": [], "start_line": 32}, "": {"executed_lines": [3, 5, 6, 7, 8, 9, 11, 13, 14, 15, 16, 17, 22, 23, 24, 25, 26, 27, 28, 29, 32, 35, 79, 84, 87, 95, 102, 119, 134, 137, 146, 157, 176, 221, 275, 292, 325], "summary": {"covered_lines": 37, "num_statements": 37, "percent_covered": 100.0, "percent_covered_display": "100", "missing_lines": 0, "excluded_lines": 0, "percent_statements_covered": 100.0, "percent_statements_covered_display": "100"}, "missing_lines": [], "excluded_lines": [], "start_line": 1}}}, "jarvis/daemon.py": {"executed_lines": [3, 5, 6, 7, 8, 9, 11, 12, 13, 14, 15, 16, 17, 19, 20, 21, 22, 23, 24, 25, 33, 34, 35, 36, 39, 40, 41, 42, 45, 46, 47, 48, 51, 52, 53, 54, 55, 58, 59, 62, 63, 64, 67, 68, 69, 70, 71, 72, 77, 84, 85, 90, 99, 100, 101, 102, 103, 106, 107, 108, 110, 111, 112, 114, 115, 116, 117, 118, 119, 120, 121, 122, 123, 132, 133, 134, 135, 137, 138, 139, 140, 142, 143, 144, 145, 147, 148, 149, 151, 152, 153, 155, 156, 157, 159, 160, 161, 163, 164, 165, 172, 173, 174, 175, 177, 178, 179, 181, 182, 183, 184, 186, 187, 188, 190, 191, 192, 193, 195, 196, 197, 198, 200, 201, 202, 204, 205, 206, 207, 208, 210, 211, 212, 213, 215, 216, 217, 219, 220, 221, 222, 223, 224, 226, 227, 228, 229, 230, 231, 233, 234, 235, 237, 238, 239, 240, 241, 244, 245, 249, 251, 252, 253, 255, 256, 257, 261, 262, 263, 265, 266, 267, 268, 270, 271, 273, 274, 275, 276, 277, 281, 282, 283, 285, 286, 287, 289, 290, 291, 292, 293, 294, 295, 296, 297, 301, 302, 303, 304, 305, 306, 308, 309, 310, 311, 312, 314, 315, 316, 317, 318, 322, 323, 324, 325, 326, 327, 328, 330, 331, 332, 333, 334, 338, 339, 360, 367, 368, 372, 382, 394, 404, 410, 418, 419, 424, 430, 440, 448, 463, 472], "summary": {"covered_lines": 241, "num_statements": 379, "percent_covered": 63.58839050131926, "percent_covered_display": "64", "missing_lines": 138, "excluded_lines": 2, "percent_statements_covered": 63.58839050131926, "percent_statements_covered_display": "64"}, "missing_lines": [104, 128, 129, 130, 340, 341, 342, 343, 344, 345, 346, 348, 349, 351, 352, 353, 354, 355, 356, 357, 358, 369, 370, 373, 374, 379, 380, 383, 384, 385, 390, 391, 392, 395, 396, 397, 398, 399, 400, 401, 402, 405, 406, 407, 408, 411, 420, 421, 422, 425, 426, 427, 428, 431, 432, 433, 434, 436, 437, 438, 441, 442, 443, 444, 445, 446, 449, 450, 451, 452, 453, 454, 455, 456, 457, 458, 459, 460, 461, 464, 465, 473, 476, 477, 480, 481, 484, 485, 488, 489, 490, 491, 494, 495, 496, 497, 500, 501, 502, 503, 506, 507, 508, 509, 512, 513, 514, 515, 518, 519, 520, 521, 524, 525, 526, 527, 530, 531, 532, 533, 534, 537, 538, 539, 541, 542, 543, 544, 545, 546, 547, 549, 550, 551, 553, 554, 556, 564], "excluded_lines": [74, 75], "functions": {"create_app": {"executed_lines": [85, 90, 99, 100, 106, 107, 110, 111, 114, 115, 132, 133, 137, 138, 142, 143, 147, 148, 151, 152, 155, 156, 159, 160, 163, 164, 172, 173, 177, 178, 181, 182, 186, 187, 190, 191, 195, 196, 200, 201, 204, 205, 210, 211, 215, 216, 219, 220, 226, 227, 233, 234, 237, 238, 244, 245, 249, 251, 252, 255, 256, 261, 262, 265, 266, 270, 271, 281, 282, 285, 286, 289, 290, 301, 302, 308, 309, 314, 315, 322, 323, 330, 331, 338, 339, 360], "summary": {"covered_lines": 86, "num_statements": 86, "percent_covered": 100.0, "percent_covered_display": "100", "missing_lines": 0, "excluded_lines": 0, "percent_statements_covered": 100.0, "percent_statements_covered_display": "100"}, "missing_lines": [], "excluded_lines": [], "start_line": 84}, "create_app.root": {"executed_lines": [101, 102, 103], "summary": {"covered_lines": 3, "num_statements": 4, "percent_covered": 75.0, "percent_covered_display": "75", "missing_lines": 1, "excluded_lines": 0, "percent_statements_covered": 75.0, "percent_statements_covered_display": "75"}, "missing_lines": [104], "excluded_lines": [], "start_line": 100}, "create_app.health": {"executed_lines": [108], "summary": {"covered_lines": 1, "num_statements": 1, "percent_covered": 100.0, "percent_covered_display": "100", "missing_lines": 0, "excluded_lines": 0, "percent_statements_covered": 100.0, "percent_statements_covered_display": "100"}, "missing_lines": [], "excluded_lines": [], "start_line": 107}, "create_app.status": {"executed_lines": [112], "summary": {"covered_lines": 1, "num_statements": 1, "percent_covered": 100.0, "percent_covered_display": "100", "missing_lines": 0, "excluded_lines": 0, "percent_statements_covered": 100.0, "percent_statements_covered_display": "100"}, "missing_lines": [], "excluded_lines": [], "start_line": 111}, "create_app.chat": {"executed_lines": [116, 117, 118, 119, 120, 121, 122, 123], "summary": {"covered_lines": 8, "num_statements": 11, "percent_covered": 72.72727272727273, "percent_covered_display": "73", "missing_lines": 3, "excluded_lines": 0, "percent_statements_covered": 72.72727272727273, "percent_statements_covered_display": "73"}, "missing_lines": [128, 129, 130], "excluded_lines": [], "start_line": 115}, "create_app.end_session": {"executed_lines": [134, 135], "summary": {"covered_lines": 2, "num_statements": 2, "percent_covered": 100.0, "percent_covered_display": "100", "missing_lines": 0, "excluded_lines": 0, "percent_statements_covered": 100.0, "percent_statements_covered_display": "100"}, "missing_lines": [], "excluded_lines": [], "start_line": 133}, "create_app.new_session": {"executed_lines": [139, 140], "summary": {"covered_lines": 2, "num_statements": 2, "percent_covered": 100.0, "percent_covered_display": "100", "missing_lines": 0, "excluded_lines": 0, "percent_statements_covered": 100.0, "percent_statements_covered_display": "100"}, "missing_lines": [], "excluded_lines": [], "start_line": 138}, "create_app.set_profile": {"executed_lines": [144, 145], "summary": {"covered_lines": 2, "num_statements": 2, "percent_covered": 100.0, "percent_covered_display": "100", "missing_lines": 0, "excluded_lines": 0, "percent_statements_covered": 100.0, "percent_statements_covered_display": "100"}, "missing_lines": [], "excluded_lines": [], "start_line": 143}, "create_app.get_facts": {"executed_lines": [149], "summary": {"covered_lines": 1, "num_statements": 1, "percent_covered": 100.0, "percent_covered_display": "100", "missing_lines": 0, "excluded_lines": 0, "percent_statements_covered": 100.0, "percent_statements_covered_display": "100"}, "missing_lines": [], "excluded_lines": [], "start_line": 148}, "create_app.get_lessons": {"executed_lines": [153], "summary": {"covered_lines": 1, "num_statements": 1, "percent_covered": 100.0, "percent_covered_display": "100", "missing_lines": 0, "excluded_lines": 0, "percent_statements_covered": 100.0, "percent_statements_covered_display": "100"}, "missing_lines": [], "excluded_lines": [], "start_line": 152}, "create_app.get_gaps": {"executed_lines": [157], "summary": {"covered_lines": 1, "num_statements": 1, "percent_covered": 100.0, "percent_covered_display": "100", "missing_lines": 0, "excluded_lines": 0, "percent_statements_covered": 100.0, "percent_statements_covered_display": "100"}, "missing_lines": [], "excluded_lines": [], "start_line": 156}, "create_app.semantic_recall": {"executed_lines": [161], "summary": {"covered_lines": 1, "num_statements": 1, "percent_covered": 100.0, "percent_covered_display": "100", "missing_lines": 0, "excluded_lines": 0, "percent_statements_covered": 100.0, "percent_statements_covered_display": "100"}, "missing_lines": [], "excluded_lines": [], "start_line": 160}, "create_app.list_tools": {"executed_lines": [165], "summary": {"covered_lines": 1, "num_statements": 1, "percent_covered": 100.0, "percent_covered_display": "100", "missing_lines": 0, "excluded_lines": 0, "percent_statements_covered": 100.0, "percent_statements_covered_display": "100"}, "missing_lines": [], "excluded_lines": [], "start_line": 164}, "create_app.schedule_task": {"executed_lines": [174, 175], "summary": {"covered_lines": 2, "num_statements": 2, "percent_covered": 100.0, "percent_covered_display": "100", "missing_lines": 0, "excluded_lines": 0, "percent_statements_covered": 100.0, "percent_statements_covered_display": "100"}, "missing_lines": [], "excluded_lines": [], "start_line": 173}, "create_app.list_scheduled": {"executed_lines": [179], "summary": {"covered_lines": 1, "num_statements": 1, "percent_covered": 100.0, "percent_covered_display": "100", "missing_lines": 0, "excluded_lines": 0, "percent_statements_covered": 100.0, "percent_statements_covered_display": "100"}, "missing_lines": [], "excluded_lines": [], "start_line": 178}, "create_app.add_monitor": {"executed_lines": [183, 184], "summary": {"covered_lines": 2, "num_statements": 2, "percent_covered": 100.0, "percent_covered_display": "100", "missing_lines": 0, "excluded_lines": 0, "percent_statements_covered": 100.0, "percent_statements_covered_display": "100"}, "missing_lines": [], "excluded_lines": [], "start_line": 182}, "create_app.list_monitors": {"executed_lines": [188], "summary": {"covered_lines": 1, "num_statements": 1, "percent_covered": 100.0, "percent_covered_display": "100", "missing_lines": 0, "excluded_lines": 0, "percent_statements_covered": 100.0, "percent_statements_covered_display": "100"}, "missing_lines": [], "excluded_lines": [], "start_line": 187}, "create_app.export_md": {"executed_lines": [192, 193], "summary": {"covered_lines": 2, "num_statements": 2, "percent_covered": 100.0, "percent_covered_display": "100", "missing_lines": 0, "excluded_lines": 0, "percent_statements_covered": 100.0, "percent_statements_covered_display": "100"}, "missing_lines": [], "excluded_lines": [], "start_line": 191}, "create_app.export_pdf_ep": {"executed_lines": [197, 198], "summary": {"covered_lines": 2, "num_statements": 2, "percent_covered": 100.0, "percent_covered_display": "100", "missing_lines": 0, "excluded_lines": 0, "percent_statements_covered": 100.0, "percent_statements_covered_display": "100"}, "missing_lines": [], "excluded_lines": [], "start_line": 196}, "create_app.list_skills": {"executed_lines": [202], "summary": {"covered_lines": 1, "num_statements": 1, "percent_covered": 100.0, "percent_covered_display": "100", "missing_lines": 0, "excluded_lines": 0, "percent_statements_covered": 100.0, "percent_statements_covered_display": "100"}, "missing_lines": [], "excluded_lines": [], "start_line": 201}, "create_app.activate_skill": {"executed_lines": [206, 207, 208], "summary": {"covered_lines": 3, "num_statements": 3, "percent_covered": 100.0, "percent_covered_display": "100", "missing_lines": 0, "excluded_lines": 0, "percent_statements_covered": 100.0, "percent_statements_covered_display": "100"}, "missing_lines": [], "excluded_lines": [], "start_line": 205}, "create_app.deactivate_skill": {"executed_lines": [212, 213], "summary": {"covered_lines": 2, "num_statements": 2, "percent_covered": 100.0, "percent_covered_display": "100", "missing_lines": 0, "excluded_lines": 0, "percent_statements_covered": 100.0, "percent_statements_covered_display": "100"}, "missing_lines": [], "excluded_lines": [], "start_line": 211}, "create_app.trajectory_stats": {"executed_lines": [217], "summary": {"covered_lines": 1, "num_statements": 1, "percent_covered": 100.0, "percent_covered_display": "100", "missing_lines": 0, "excluded_lines": 0, "percent_statements_covered": 100.0, "percent_statements_covered_display": "100"}, "missing_lines": [], "excluded_lines": [], "start_line": 216}, "create_app.export_trajectories": {"executed_lines": [221, 222, 223, 224], "summary": {"covered_lines": 4, "num_statements": 4, "percent_covered": 100.0, "percent_covered_display": "100", "missing_lines": 0, "excluded_lines": 0, "percent_statements_covered": 100.0, "percent_statements_covered_display": "100"}, "missing_lines": [], "excluded_lines": [], "start_line": 220}, "create_app.export_atropos": {"executed_lines": [228, 229, 230, 231], "summary": {"covered_lines": 4, "num_statements": 4, "percent_covered": 100.0, "percent_covered_display": "100", "missing_lines": 0, "excluded_lines": 0, "percent_statements_covered": 100.0, "percent_statements_covered_display": "100"}, "missing_lines": [], "excluded_lines": [], "start_line": 227}, "create_app.provider_health": {"executed_lines": [235], "summary": {"covered_lines": 1, "num_statements": 1, "percent_covered": 100.0, "percent_covered_display": "100", "missing_lines": 0, "excluded_lines": 0, "percent_statements_covered": 100.0, "percent_statements_covered_display": "100"}, "missing_lines": [], "excluded_lines": [], "start_line": 234}, "create_app.sandbox_backends": {"executed_lines": [239, 240, 241], "summary": {"covered_lines": 3, "num_statements": 3, "percent_covered": 100.0, "percent_covered_display": "100", "missing_lines": 0, "excluded_lines": 0, "percent_statements_covered": 100.0, "percent_statements_covered_display": "100"}, "missing_lines": [], "excluded_lines": [], "start_line": 238}, "create_app.prometheus_metrics": {"executed_lines": [253], "summary": {"covered_lines": 1, "num_statements": 1, "percent_covered": 100.0, "percent_covered_display": "100", "missing_lines": 0, "excluded_lines": 0, "percent_statements_covered": 100.0, "percent_statements_covered_display": "100"}, "missing_lines": [], "excluded_lines": [], "start_line": 252}, "create_app.json_metrics": {"executed_lines": [257], "summary": {"covered_lines": 1, "num_statements": 1, "percent_covered": 100.0, "percent_covered_display": "100", "missing_lines": 0, "excluded_lines": 0, "percent_statements_covered": 100.0, "percent_statements_covered_display": "100"}, "missing_lines": [], "excluded_lines": [], "start_line": 256}, "create_app.list_api_keys": {"executed_lines": [263], "summary": {"covered_lines": 1, "num_statements": 1, "percent_covered": 100.0, "percent_covered_display": "100", "missing_lines": 0, "excluded_lines": 0, "percent_statements_covered": 100.0, "percent_statements_covered_display": "100"}, "missing_lines": [], "excluded_lines": [], "start_line": 262}, "create_app.create_api_key": {"executed_lines": [267, 268], "summary": {"covered_lines": 2, "num_statements": 2, "percent_covered": 100.0, "percent_covered_display": "100", "missing_lines": 0, "excluded_lines": 0, "percent_statements_covered": 100.0, "percent_statements_covered_display": "100"}, "missing_lines": [], "excluded_lines": [], "start_line": 266}, "create_app.revoke_api_key": {"executed_lines": [273, 274, 275, 276, 277], "summary": {"covered_lines": 5, "num_statements": 5, "percent_covered": 100.0, "percent_covered_display": "100", "missing_lines": 0, "excluded_lines": 0, "percent_statements_covered": 100.0, "percent_statements_covered_display": "100"}, "missing_lines": [], "excluded_lines": [], "start_line": 271}, "create_app.acp_history": {"executed_lines": [283], "summary": {"covered_lines": 1, "num_statements": 1, "percent_covered": 100.0, "percent_covered_display": "100", "missing_lines": 0, "excluded_lines": 0, "percent_statements_covered": 100.0, "percent_statements_covered_display": "100"}, "missing_lines": [], "excluded_lines": [], "start_line": 282}, "create_app.acp_stats": {"executed_lines": [287], "summary": {"covered_lines": 1, "num_statements": 1, "percent_covered": 100.0, "percent_covered_display": "100", "missing_lines": 0, "excluded_lines": 0, "percent_statements_covered": 100.0, "percent_statements_covered_display": "100"}, "missing_lines": [], "excluded_lines": [], "start_line": 286}, "create_app.acp_publish": {"executed_lines": [291, 292, 293, 294, 295, 296, 297], "summary": {"covered_lines": 7, "num_statements": 7, "percent_covered": 100.0, "percent_covered_display": "100", "missing_lines": 0, "excluded_lines": 0, "percent_statements_covered": 100.0, "percent_statements_covered_display": "100"}, "missing_lines": [], "excluded_lines": [], "start_line": 290}, "create_app.self_improve_run": {"executed_lines": [303, 304, 305, 306], "summary": {"covered_lines": 4, "num_statements": 4, "percent_covered": 100.0, "percent_covered_display": "100", "missing_lines": 0, "excluded_lines": 0, "percent_statements_covered": 100.0, "percent_statements_covered_display": "100"}, "missing_lines": [], "excluded_lines": [], "start_line": 302}, "create_app.self_improve_history": {"executed_lines": [310, 311, 312], "summary": {"covered_lines": 3, "num_statements": 3, "percent_covered": 100.0, "percent_covered_display": "100", "missing_lines": 0, "excluded_lines": 0, "percent_statements_covered": 100.0, "percent_statements_covered_display": "100"}, "missing_lines": [], "excluded_lines": [], "start_line": 309}, "create_app.capability_report": {"executed_lines": [316, 317, 318], "summary": {"covered_lines": 3, "num_statements": 3, "percent_covered": 100.0, "percent_covered_display": "100", "missing_lines": 0, "excluded_lines": 0, "percent_statements_covered": 100.0, "percent_statements_covered_display": "100"}, "missing_lines": [], "excluded_lines": [], "start_line": 315}, "create_app.schedule_nl": {"executed_lines": [324, 325, 326, 327, 328], "summary": {"covered_lines": 5, "num_statements": 5, "percent_covered": 100.0, "percent_covered_display": "100", "missing_lines": 0, "excluded_lines": 0, "percent_statements_covered": 100.0, "percent_statements_covered_display": "100"}, "missing_lines": [], "excluded_lines": [], "start_line": 323}, "create_app.parse_nl_schedule": {"executed_lines": [332, 333, 334], "summary": {"covered_lines": 3, "num_statements": 3, "percent_covered": 100.0, "percent_covered_display": "100", "missing_lines": 0, "excluded_lines": 0, "percent_statements_covered": 100.0, "percent_statements_covered_display": "100"}, "missing_lines": [], "excluded_lines": [], "start_line": 331}, "create_app.websocket_chat": {"executed_lines": [], "summary": {"covered_lines": 0, "num_statements": 17, "percent_covered": 0.0, "percent_covered_display": "0", "missing_lines": 17, "excluded_lines": 0, "percent_statements_covered": 0.0, "percent_statements_covered_display": "0"}, "missing_lines": [340, 341, 342, 343, 344, 345, 346, 348, 349, 351, 352, 353, 354, 355, 356, 357, 358], "excluded_lines": [], "start_line": 339}, "JarvisScheduler.__init__": {"executed_lines": [], "summary": {"covered_lines": 0, "num_statements": 2, "percent_covered": 0.0, "percent_covered_display": "0", "missing_lines": 2, "excluded_lines": 0, "percent_statements_covered": 0.0, "percent_statements_covered_display": "0"}, "missing_lines": [369, 370], "excluded_lines": [], "start_line": 368}, "JarvisScheduler.start": {"executed_lines": [], "summary": {"covered_lines": 0, "num_statements": 4, "percent_covered": 0.0, "percent_covered_display": "0", "missing_lines": 4, "excluded_lines": 0, "percent_statements_covered": 0.0, "percent_statements_covered_display": "0"}, "missing_lines": [373, 374, 379, 380], "excluded_lines": [], "start_line": 372}, "JarvisScheduler._load_tasks": {"executed_lines": [], "summary": {"covered_lines": 0, "num_statements": 6, "percent_covered": 0.0, "percent_covered_display": "0", "missing_lines": 6, "excluded_lines": 0, "percent_statements_covered": 0.0, "percent_statements_covered_display": "0"}, "missing_lines": [383, 384, 385, 390, 391, 392], "excluded_lines": [], "start_line": 382}, "JarvisScheduler._run_task": {"executed_lines": [], "summary": {"covered_lines": 0, "num_statements": 8, "percent_covered": 0.0, "percent_covered_display": "0", "missing_lines": 8, "excluded_lines": 0, "percent_statements_covered": 0.0, "percent_statements_covered_display": "0"}, "missing_lines": [395, 396, 397, 398, 399, 400, 401, 402], "excluded_lines": [], "start_line": 394}, "JarvisScheduler._run_reflection": {"executed_lines": [], "summary": {"covered_lines": 0, "num_statements": 4, "percent_covered": 0.0, "percent_covered_display": "0", "missing_lines": 4, "excluded_lines": 0, "percent_statements_covered": 0.0, "percent_statements_covered_display": "0"}, "missing_lines": [405, 406, 407, 408], "excluded_lines": [], "start_line": 404}, "JarvisScheduler.stop": {"executed_lines": [], "summary": {"covered_lines": 0, "num_statements": 1, "percent_covered": 0.0, "percent_covered_display": "0", "missing_lines": 1, "excluded_lines": 0, "percent_statements_covered": 0.0, "percent_statements_covered_display": "0"}, "missing_lines": [411], "excluded_lines": [], "start_line": 410}, "VoiceLoop.__init__": {"executed_lines": [], "summary": {"covered_lines": 0, "num_statements": 3, "percent_covered": 0.0, "percent_covered_display": "0", "missing_lines": 3, "excluded_lines": 0, "percent_statements_covered": 0.0, "percent_statements_covered_display": "0"}, "missing_lines": [420, 421, 422], "excluded_lines": [], "start_line": 419}, "VoiceLoop._get_tts": {"executed_lines": [], "summary": {"covered_lines": 0, "num_statements": 4, "percent_covered": 0.0, "percent_covered_display": "0", "missing_lines": 4, "excluded_lines": 0, "percent_statements_covered": 0.0, "percent_statements_covered_display": "0"}, "missing_lines": [425, 426, 427, 428], "excluded_lines": [], "start_line": 424}, "VoiceLoop._get_stt": {"executed_lines": [], "summary": {"covered_lines": 0, "num_statements": 7, "percent_covered": 0.0, "percent_covered_display": "0", "missing_lines": 7, "excluded_lines": 0, "percent_statements_covered": 0.0, "percent_statements_covered_display": "0"}, "missing_lines": [431, 432, 433, 434, 436, 437, 438], "excluded_lines": [], "start_line": 430}, "VoiceLoop.start": {"executed_lines": [], "summary": {"covered_lines": 0, "num_statements": 6, "percent_covered": 0.0, "percent_covered_display": "0", "missing_lines": 6, "excluded_lines": 0, "percent_statements_covered": 0.0, "percent_statements_covered_display": "0"}, "missing_lines": [441, 442, 443, 444, 445, 446], "excluded_lines": [], "start_line": 440}, "VoiceLoop._on_transcript": {"executed_lines": [], "summary": {"covered_lines": 0, "num_statements": 13, "percent_covered": 0.0, "percent_covered_display": "0", "missing_lines": 13, "excluded_lines": 0, "percent_statements_covered": 0.0, "percent_statements_covered_display": "0"}, "missing_lines": [449, 450, 451, 452, 453, 454, 455, 456, 457, 458, 459, 460, 461], "excluded_lines": [], "start_line": 448}, "VoiceLoop.stop": {"executed_lines": [], "summary": {"covered_lines": 0, "num_statements": 2, "percent_covered": 0.0, "percent_covered_display": "0", "missing_lines": 2, "excluded_lines": 0, "percent_statements_covered": 0.0, "percent_statements_covered_display": "0"}, "missing_lines": [464, 465], "excluded_lines": [], "start_line": 463}, "run_daemon": {"executed_lines": [], "summary": {"covered_lines": 0, "num_statements": 48, "percent_covered": 0.0, "percent_covered_display": "0", "missing_lines": 48, "excluded_lines": 0, "percent_statements_covered": 0.0, "percent_statements_covered_display": "0"}, "missing_lines": [473, 476, 477, 480, 481, 484, 485, 488, 489, 490, 491, 494, 495, 496, 497, 500, 501, 502, 503, 506, 507, 508, 509, 512, 513, 514, 515, 518, 519, 520, 521, 524, 525, 526, 527, 530, 531, 532, 533, 534, 537, 538, 539, 541, 553, 554, 556, 564], "excluded_lines": [], "start_line": 472}, "run_daemon._shutdown": {"executed_lines": [], "summary": {"covered_lines": 0, "num_statements": 9, "percent_covered": 0.0, "percent_covered_display": "0", "missing_lines": 9, "excluded_lines": 0, "percent_statements_covered": 0.0, "percent_statements_covered_display": "0"}, "missing_lines": [542, 543, 544, 545, 546, 547, 549, 550, 551], "excluded_lines": [], "start_line": 541}, "": {"executed_lines": [3, 5, 6, 7, 8, 9, 11, 12, 13, 14, 15, 16, 17, 19, 20, 21, 22, 23, 24, 25, 33, 34, 35, 36, 39, 40, 41, 42, 45
[...]
 "num_statements": 7, "percent_covered": 42.857142857142854, "percent_covered_display": "43", "missing_lines": 4, "excluded_lines": 0, "percent_statements_covered": 42.857142857142854, "percent_statements_covered_display": "43"}, "missing_lines": [54, 55, 56, 57], "excluded_lines": [], "start_line": 50}, "_validate_json": {"executed_lines": [61, 62, 63, 64, 65], "summary": {"covered_lines": 5, "num_statements": 5, "percent_covered": 100.0, "percent_covered_display": "100", "missing_lines": 0, "excluded_lines": 0, "percent_statements_covered": 100.0, "percent_statements_covered_display": "100"}, "missing_lines": [], "excluded_lines": [], "start_line": 60}, "_regex_test": {"executed_lines": [69, 70, 71, 72, 73, 74, 75, 76, 77, 78, 79, 80], "summary": {"covered_lines": 12, "num_statements": 12, "percent_covered": 100.0, "percent_covered_display": "100", "missing_lines": 0, "excluded_lines": 0, "percent_statements_covered": 100.0, "percent_statements_covered_display": "100"}, "missing_lines": [], "excluded_lines": [], "start_line": 68}, "_text_diff": {"executed_lines": [84, 85, 86, 87], "summary": {"covered_lines": 4, "num_statements": 4, "percent_covered": 100.0, "percent_covered_display": "100", "missing_lines": 0, "excluded_lines": 0, "percent_statements_covered": 100.0, "percent_statements_covered_display": "100"}, "missing_lines": [], "excluded_lines": [], "start_line": 83}, "_file_diff": {"executed_lines": [], "summary": {"covered_lines": 0, "num_statements": 6, "percent_covered": 0.0, "percent_covered_display": "0", "missing_lines": 6, "excluded_lines": 0, "percent_statements_covered": 0.0, "percent_statements_covered_display": "0"}, "missing_lines": [91, 92, 93, 94, 95, 96], "excluded_lines": [], "start_line": 90}, "register_tools": {"executed_lines": [], "summary": {"covered_lines": 0, "num_statements": 8, "percent_covered": 0.0, "percent_covered_display": "0", "missing_lines": 8, "excluded_lines": 0, "percent_statements_covered": 0.0, "percent_statements_covered_display": "0"}, "missing_lines": [100, 101, 104, 107, 110, 113, 116, 119], "excluded_lines": [], "start_line": 99}, "": {"executed_lines": [3, 4, 5, 6, 7, 13, 40, 50, 60, 68, 83, 90, 99], "summary": {"covered_lines": 13, "num_statements": 13, "percent_covered": 100.0, "percent_covered_display": "100", "missing_lines": 0, "excluded_lines": 2, "percent_statements_covered": 100.0, "percent_statements_covered_display": "100"}, "missing_lines": [], "excluded_lines": [9, 10], "start_line": 1}}, "classes": {"": {"executed_lines": [3, 4, 5, 6, 7, 13, 15, 16, 17, 18, 40, 41, 42, 43, 50, 51, 52, 53, 60, 61, 62, 63, 64, 65, 68, 69, 70, 71, 72, 73, 74, 75, 76, 77, 78, 79, 80, 83, 84, 85, 86, 87, 90, 99], "summary": {"covered_lines": 44, "num_statements": 84, "percent_covered": 52.38095238095238, "percent_covered_display": "52", "missing_lines": 40, "excluded_lines": 2, "percent_statements_covered": 52.38095238095238, "percent_statements_covered_display": "52"}, "missing_lines": [19, 20, 21, 22, 23, 24, 25, 27, 28, 29, 30, 31, 32, 33, 34, 35, 36, 37, 44, 45, 46, 47, 54, 55, 56, 57, 91, 92, 93, 94, 95, 96, 100, 101, 104, 107, 110, 113, 116, 119], "excluded_lines": [9, 10], "start_line": 1}}}, "jarvis/voice/__init__.py": {"executed_lines": [], "summary": {"covered_lines": 0, "num_statements": 0, "percent_covered": 100.0, "percent_covered_display": "100", "missing_lines": 0, "excluded_lines": 0, "percent_statements_covered": 100.0, "percent_statements_covered_display": "100"}, "missing_lines": [], "excluded_lines": [], "functions": {"": {"executed_lines": [], "summary": {"covered_lines": 0, "num_statements": 0, "percent_covered": 100.0, "percent_covered_display": "100", "missing_lines": 0, "excluded_lines": 0, "percent_statements_covered": 100.0, "percent_statements_covered_display": "100"}, "missing_lines": [], "excluded_lines": [], "start_line": 1}}, "classes": {"": {"executed_lines": [], "summary": {"covered_lines": 0, "num_statements": 0, "percent_covered": 100.0, "percent_covered_display": "100", "missing_lines": 0, "excluded_lines": 0, "percent_statements_covered": 100.0, "percent_statements_covered_display": "100"}, "missing_lines": [], "excluded_lines": [], "start_line": 1}}}, "jarvis/voice/speech_to_text.py": {"executed_lines": [3, 5, 6, 7, 8, 10, 13, 16, 17, 18, 19, 21, 23, 24, 25, 26, 32, 34, 35, 37, 38, 39, 40, 41, 42, 70, 75], "summary": {"covered_lines": 27, "num_statements": 57, "percent_covered": 47.36842105263158, "percent_covered_display": "47", "missing_lines": 30, "excluded_lines": 0, "percent_statements_covered": 47.36842105263158, "percent_statements_covered_display": "47"}, "missing_lines": [44, 45, 46, 47, 49, 50, 51, 53, 54, 55, 56, 58, 60, 61, 62, 65, 67, 68, 72, 73, 76, 77, 78, 79, 80, 81, 82, 83, 84, 85], "excluded_lines": [], "functions": {"STTEngine.__init__": {"executed_lines": [17, 18, 19], "summary": {"covered_lines": 3, "num_statements": 3, "percent_covered": 100.0, "percent_covered_display": "100", "missing_lines": 0, "excluded_lines": 0, "percent_statements_covered": 100.0, "percent_statements_covered_display": "100"}, "missing_lines": [], "excluded_lines": [], "start_line": 16}, "STTEngine.start_listening": {"executed_lines": [23, 24, 25, 26, 32], "summary": {"covered_lines": 5, "num_statements": 5, "percent_covered": 100.0, "percent_covered_display": "100", "missing_lines": 0, "excluded_lines": 0, "percent_statements_covered": 100.0, "percent_statements_covered_display": "100"}, "missing_lines": [], "excluded_lines": [], "start_line": 21}, "STTEngine.stop_listening": {"executed_lines": [35], "summary": {"covered_lines": 1, "num_statements": 1, "percent_covered": 100.0, "percent_covered_display": "100", "missing_lines": 0, "excluded_lines": 0, "percent_statements_covered": 100.0, "percent_statements_covered_display": "100"}, "missing_lines": [], "excluded_lines": [], "start_line": 34}, "STTEngine._listen_loop": {"executed_lines": [38, 39, 40, 41, 42], "summary": {"covered_lines": 5, "num_statements": 23, "percent_covered": 21.73913043478261, "percent_covered_display": "22", "missing_lines": 18, "excluded_lines": 0, "percent_statements_covered": 21.73913043478261, "percent_statements_covered_display": "22"}, "missing_lines": [44, 45, 46, 47, 49, 50, 51, 53, 54, 55, 56, 58, 60, 61, 62, 65, 67, 68], "excluded_lines": [], "start_line": 37}, "STTEngine.listen_once": {"executed_lines": [], "summary": {"covered_lines": 0, "num_statements": 2, "percent_covered": 0.0, "percent_covered_display": "0", "missing_lines": 2, "excluded_lines": 0, "percent_statements_covered": 0.0, "percent_statements_covered_display": "0"}, "missing_lines": [72, 73], "excluded_lines": [], "start_line": 70}, "STTEngine._record_phrase": {"executed_lines": [], "summary": {"covered_lines": 0, "num_statements": 10, "percent_covered": 0.0, "percent_covered_display": "0", "missing_lines": 10, "excluded_lines": 0, "percent_statements_covered": 0.0, "percent_statements_covered_display": "0"}, "missing_lines": [76, 77, 78, 79, 80, 81, 82, 83, 84, 85], "excluded_lines": [], "start_line": 75}, "": {"executed_lines": [3, 5, 6, 7, 8, 10, 13, 16, 21, 34, 37, 70, 75], "summary": {"covered_lines": 13, "num_statements": 13, "percent_covered": 100.0, "percent_covered_display": "100", "missing_lines": 0, "excluded_lines": 0, "percent_statements_covered": 100.0, "percent_statements_covered_display": "100"}, "missing_lines": [], "excluded_lines": [], "start_line": 1}}, "classes": {"STTEngine": {"executed_lines": [17, 18, 19, 23, 24, 25, 26, 32, 35, 38, 39, 40, 41, 42], "summary": {"covered_lines": 14, "num_statements": 44, "percent_covered": 31.818181818181817, "percent_covered_display": "32", "missing_lines": 30, "excluded_lines": 0, "percent_statements_covered": 31.818181818181817, "percent_statements_covered_display": "32"}, "missing_lines": [44, 45, 46, 47, 49, 50, 51, 53, 54, 55, 56, 58, 60, 61, 62, 65, 67, 68, 72, 73, 76, 77, 78, 79, 80, 81, 82, 83, 84, 85], "excluded_lines": [], "start_line": 13}, "": {"executed_lines": [3, 5, 6, 7, 8, 10, 13, 16, 21, 34, 37, 70, 75], "summary": {"covered_lines": 13, "num_statements": 13, "percent_covered": 100.0, "percent_covered_display": "100", "missing_lines": 0, "excluded_lines": 0, "percent_statements_covered": 100.0, "percent_statements_covered_display": "100"}, "missing_lines": [], "excluded_lines": [], "start_line": 1}}}, "jarvis/voice/text_to_speech.py": {"executed_lines": [3, 5, 6, 7, 8, 9, 10, 11, 13, 16, 19, 20, 21, 22, 28, 29, 30, 31, 32, 33, 36, 38, 39, 40, 46, 47, 48, 49, 50, 51, 52, 53, 58, 60, 61, 62, 63, 64, 65, 66, 67, 75, 76, 78, 95, 123, 124, 125, 126, 134, 135, 136, 142, 143, 144, 145, 146, 147, 148, 151, 153, 154, 155, 156, 157], "summary": {"covered_lines": 65, "num_statements": 105, "percent_covered": 61.904761904761905, "percent_covered_display": "62", "missing_lines": 40, "excluded_lines": 0, "percent_statements_covered": 61.904761904761905, "percent_statements_covered_display": "62"}, "missing_lines": [34, 54, 55, 56, 57, 79, 80, 81, 82, 83, 84, 85, 86, 87, 89, 90, 91, 92, 93, 96, 97, 98, 99, 100, 101, 107, 108, 109, 110, 111, 112, 114, 115, 116, 117, 127, 128, 133, 149, 150], "excluded_lines": [], "functions": {"TTSEngine.__init__": {"executed_lines": [20, 21, 22], "summary": {"covered_lines": 3, "num_statements": 3, "percent_covered": 100.0, "percent_covered_display": "100", "missing_lines": 0, "excluded_lines": 0, "percent_statements_covered": 100.0, "percent_statements_covered_display": "100"}, "missing_lines": [], "excluded_lines": [], "start_line": 19}, "TTSEngine.speak": {"executed_lines": [29, 30, 31, 32, 33, 36], "summary": {"covered_lines": 6, "num_statements": 7, "percent_covered": 85.71428571428571, "percent_covered_display": "86", "missing_lines": 1, "excluded_lines": 0, "percent_statements_covered": 85.71428571428571, "percent_statements_covered_display": "86"}, "missing_lines": [34], "excluded_lines": [], "start_line": 28}, "TTSEngine.speak_async": {"executed_lines": [39, 40], "summary": {"covered_lines": 2, "num_statements": 2, "percent_covered": 100.0, "percent_covered_display": "100", "missing_lines": 0, "excluded_lines": 0, "percent_statements_covered": 100.0, "percent_statements_covered_display": "100"}, "missing_lines": [], "excluded_lines": [], "start_line": 38}, "TTSEngine._get_pyttsx3": {"executed_lines": [47, 48, 49, 50, 51, 52, 53, 58], "summary": {"covered_lines": 8, "num_statements": 12, "percent_covered": 66.66666666666667, "percent_covered_display": "67", "missing_lines": 4, "excluded_lines": 0, "percent_statements_covered": 66.66666666666667, "percent_statements_covered_display": "67"}, "missing_lines": [54, 55, 56, 57], "excluded_lines": [], "start_line": 46}, "TTSEngine._speak_pyttsx3": {"executed_lines": [61, 62, 63, 64, 65, 66, 67], "summary": {"covered_lines": 7, "num_statements": 7, "percent_covered": 100.0, "percent_covered_display": "100", "missing_lines": 0, "excluded_lines": 0, "percent_statements_covered": 100.0, "percent_statements_covered_display": "100"}, "missing_lines": [], "excluded_lines": [], "start_line": 60}, "TTSEngine._piper_available": {"executed_lines": [76], "summary": {"covered_lines": 1, "num_statements": 1, "percent_covered": 100.0, "percent_covered_display": "100", "missing_lines": 0, "excluded_lines": 0, "percent_statements_covered": 100.0, "percent_statements_covered_display": "100"}, "missing_lines": [], "excluded_lines": [], "start_line": 75}, "TTSEngine._speak_piper": {"executed_lines": [], "summary": {"covered_lines": 0, "num_statements": 14, "percent_covered": 0.0, "percent_covered_display": "0", "missing_lines": 14, "excluded_lines": 0, "percent_statements_covered": 0.0, "percent_statements_covered_display": "0"}, "missing_lines": [79, 80, 81, 82, 83, 84, 85, 86, 87, 89, 90, 91, 92, 93], "excluded_lines": [], "start_line": 78}, "TTSEngine._play_wav": {"executed_lines": [], "summary": {"covered_lines": 0, "num_statements": 16, "percent_covered": 0.0, "percent_covered_display": "0", "missing_lines": 16, "excluded_lines": 0, "percent_statements_covered": 0.0, "percent_statements_covered_display": "0"}, "missing_lines": [96, 97, 98, 99, 100, 101, 107, 108, 109, 110, 111, 112, 114, 115, 116, 117], "excluded_lines": [], "start_line": 95}, "TTSEngine._speak_elevenlabs": {"executed_lines": [124, 125, 126, 134, 135, 136], "summary": {"covered_lines": 6, "num_statements": 9, "percent_covered": 66.66666666666667, "percent_covered_display": "67", "missing_lines": 3, "excluded_lines": 0, "percent_statements_covered": 66.66666666666667, "percent_statements_covered_display": "67"}, "missing_lines": [127, 128, 133], "excluded_lines": [], "start_line": 123}, "TTSEngine.set_voice_by_name": {"executed_lines": [143, 144, 145, 146, 147, 148, 151], "summary": {"covered_lines": 7, "num_statements": 9, "percent_covered": 77.77777777777777, "percent_covered_display": "78", "missing_lines": 2, "excluded_lines": 0, "percent_statements_covered": 77.77777777777777, "percent_statements_covered_display": "78"}, "missing_lines": [149, 150], "excluded_lines": [], "start_line": 142}, "TTSEngine.list_voices": {"executed_lines": [154, 155, 156, 157], "summary": {"covered_lines": 4, "num_statements": 4, "percent_covered": 100.0, "percent_covered_display": "100", "missing_lines": 0, "excluded_lines": 0, "percent_statements_covered": 100.0, "percent_statements_covered_display": "100"}, "missing_lines": [], "excluded_lines": [], "start_line": 153}, "": {"executed_lines": [3, 5, 6, 7, 8, 9, 10, 11, 13, 16, 19, 28, 38, 46, 60, 75, 78, 95, 123, 142, 153], "summary": {"covered_lines": 21, "num_statements": 21, "percent_covered": 100.0, "percent_covered_display": "100", "missing_lines": 0, "excluded_lines": 0, "percent_statements_covered": 100.0, "percent_statements_covered_display": "100"}, "missing_lines": [], "excluded_lines": [], "start_line": 1}}, "classes": {"TTSEngine": {"executed_lines": [20, 21, 22, 29, 30, 31, 32, 33, 36, 39, 40, 47, 48, 49, 50, 51, 52, 53, 58, 61, 62, 63, 64, 65, 66, 67, 76, 124, 125, 126, 134, 135, 136, 143, 144, 145, 146, 147, 148, 151, 154, 155, 156, 157], "summary": {"covered_lines": 44, "num_statements": 84, "percent_covered": 52.38095238095238, "percent_covered_display": "52", "missing_lines": 40, "excluded_lines": 0, "percent_statements_covered": 52.38095238095238, "percent_statements_covered_display": "52"}, "missing_lines": [34, 54, 55, 56, 57, 79, 80, 81, 82, 83, 84, 85, 86, 87, 89, 90, 91, 92, 93, 96, 97, 98, 99, 100, 101, 107, 108, 109, 110, 111, 112, 114, 115, 116, 117, 127, 128, 133, 149, 150], "excluded_lines": [], "start_line": 16}, "": {"executed_lines": [3, 5, 6, 7, 8, 9, 10, 11, 13, 16, 19, 28, 38, 46, 60, 75, 78, 95, 123, 142, 153], "summary": {"covered_lines": 21, "num_statements": 21, "percent_covered": 100.0, "percent_covered_display": "100", "missing_lines": 0, "excluded_lines": 0, "percent_statements_covered": 100.0, "percent_statements_covered_display": "100"}, "missing_lines": [], "excluded_lines": [], "start_line": 1}}}, "jarvis/voice/whisper_stt.py": {"executed_lines": [3, 5, 6, 7, 9, 11, 14, 15, 16, 17, 18, 19, 20, 21, 22, 23, 26, 29, 30, 31, 32, 34, 35, 36, 37, 38, 44, 46, 47, 49, 83, 85, 86, 88, 89, 90, 91, 93, 94, 95, 96, 97, 98, 99, 100, 101, 102, 103, 104], "summary": {"covered_lines": 49, "num_statements": 77, "percent_covered": 63.63636363636363, "percent_covered_display": "64", "missing_lines": 28, "excluded_lines": 0, "percent_statements_covered": 63.63636363636363, "percent_statements_covered_display": "64"}, "missing_lines": [50, 51, 52, 53, 54, 55, 57, 58, 59, 60, 61, 63, 65, 66, 67, 68, 69, 71, 72, 73, 74, 75, 76, 77, 78, 79, 80, 81], "excluded_lines": [], "functions": {"_load_model": {"executed_lines": [15, 16, 17, 18, 19, 20, 21, 22, 23], "summary": {"covered_lines": 9, "num_statements": 9, "percent_covered": 100.0, "percent_covered_display": "100", "missing_lines": 0, "excluded_lines": 0, "percent_statements_covered": 100.0, "percent_statements_covered_display": "100"}, "missing_lines": [], "excluded_lines": [], "start_line": 14}, "WhisperSTT.__init__": {"executed_lines": [30, 31, 32], "summary": {"covered_lines": 3, "num_statements": 3, "percent_covered": 100.0, "percent_covered_display": "100", "missing_lines": 0, "excluded_lines": 0, "percent_statements_covered": 100.0, "percent_statements_covered_display": "100"}, "missing_lines": [], "excluded_lines": [], "start_line": 29}, "WhisperSTT.start_listening": {"executed_lines": [35, 36, 37, 38, 44], "summary": {"covered_lines": 5, "num_statements": 5, "percent_covered": 100.0, "percent_covered_display": "100", "missing_lines": 0, "excluded_lines": 0, "percent_statements_covered": 100.0, "percent_statements_covered_display": "100"}, "missing_lines": [], "excluded_lines": [], "start_line": 34}, "WhisperSTT.stop_listening": {"executed_lines": [47], "summary": {"covered_lines": 1, "num_statements": 1, "percent_covered": 100.0, "percent_covered_display": "100", "missing_lines": 0, "excluded_lines": 0, "percent_statements_covered": 100.0, "percent_statements_covered_display": "100"}, "missing_lines": [], "excluded_lines": [], "start_line": 46}, "WhisperSTT._listen_loop": {"executed_lines": [], "summary": {"covered_lines": 0, "num_statements": 28, "percent_covered": 0.0, "percent_covered_display": "0", "missing_lines": 28, "excluded_lines": 0, "percent_statements_covered": 0.0, "percent_statements_covered_display": "0"}, "missing_lines": [50, 51, 52, 53, 54, 55, 57, 58, 59, 60, 61, 63, 65, 66, 67, 68, 69, 71, 72, 73, 74, 75, 76, 77, 78, 79, 80, 81], "excluded_lines": [], "start_line": 49}, "WhisperSTT.transcribe_once": {"executed_lines": [85, 86], "summary": {"covered_lines": 2, "num_statements": 2, "percent_covered": 100.0, "percent_covered_display": "100", "missing_lines": 0, "excluded_lines": 0, "percent_statements_covered": 100.0, "percent_statements_covered_display": "100"}, "missing_lines": [], "excluded_lines": [], "start_line": 83}, "WhisperSTT._record_and_transcribe": {"executed_lines": [89, 90, 91, 93, 94, 95, 96, 97, 98, 99, 100, 101, 102, 103, 104], "summary": {"covered_lines": 15, "num_statements": 15, "percent_covered": 100.0, "percent_covered_display": "100", "missing_lines": 0, "excluded_lines": 0, "percent_statements_covered": 100.0, "percent_statements_covered_display": "100"}, "missing_lines": [], "excluded_lines": [], "start_line": 88}, "": {"executed_lines": [3, 5, 6, 7, 9, 11, 14, 26, 29, 34, 46, 49, 83, 88], "summary": {"covered_lines": 14, "num_statements": 14, "percent_covered": 100.0, "percent_covered_display": "100", "missing_lines": 0, "excluded_lines": 0, "percent_statements_covered": 100.0, "percent_statements_covered_display": "100"}, "missing_lines": [], "excluded_lines": [], "start_line": 1}}, "classes": {"WhisperSTT": {"executed_lines": [30, 31, 32, 35, 36, 37, 38, 44, 47, 85, 86, 89, 90, 91, 93, 94, 95, 96, 97, 98, 99, 100, 101, 102, 103, 104], "summary": {"covered_lines": 26, "num_statements": 54, "percent_covered": 48.148148148148145, "percent_covered_display": "48", "missing_lines": 28, "excluded_lines": 0, "percent_statements_covered": 48.148148148148145, "percent_statements_covered_display": "48"}, "missing_lines": [50, 51, 52, 53, 54, 55, 57, 58, 59, 60, 61, 63, 65, 66, 67, 68, 69, 71, 72, 73, 74, 75, 76, 77, 78, 79, 80, 81], "excluded_lines": [], "start_line": 26}, "": {"executed_lines": [3, 5, 6, 7, 9, 11, 14, 15, 16, 17, 18, 19, 20, 21, 22, 23, 26, 29, 34, 46, 49, 83, 88], "summary": {"covered_lines": 23, "num_statements": 23, "percent_covered": 100.0, "percent_covered_display": "100", "missing_lines": 0, "excluded_lines": 0, "percent_statements_covered": 100.0, "percent_statements_covered_display": "100"}, "missing_lines": [], "excluded_lines": [], "start_line": 1}}}}, "totals": {"covered_lines": 3441, "num_statements": 4474, "percent_covered": 76.91104157353598, "percent_covered_display": "77", "missing_lines": 1033, "excluded_lines": 69, "percent_statements_covered": 76.91104157353598, "percent_statements_covered_display": "77"}}